{"/home/eris/Desktop/code/jobly/app.js": {"path":"/home/eris/Desktop/code/jobly/app.js","statementMap":{"0":{"start":{"line":5,"column":16},"end":{"line":5,"column":34}},"1":{"start":{"line":6,"column":13},"end":{"line":6,"column":28}},"2":{"start":{"line":8,"column":26},"end":{"line":8,"column":51}},"3":{"start":{"line":10,"column":28},"end":{"line":10,"column":56}},"4":{"start":{"line":11,"column":19},"end":{"line":11,"column":43}},"5":{"start":{"line":12,"column":24},"end":{"line":12,"column":53}},"6":{"start":{"line":13,"column":20},"end":{"line":13,"column":45}},"7":{"start":{"line":14,"column":19},"end":{"line":14,"column":43}},"8":{"start":{"line":16,"column":15},"end":{"line":16,"column":32}},"9":{"start":{"line":18,"column":12},"end":{"line":18,"column":21}},"10":{"start":{"line":20,"column":0},"end":{"line":20,"column":16}},"11":{"start":{"line":21,"column":0},"end":{"line":21,"column":24}},"12":{"start":{"line":22,"column":0},"end":{"line":22,"column":24}},"13":{"start":{"line":23,"column":0},"end":{"line":23,"column":25}},"14":{"start":{"line":25,"column":0},"end":{"line":25,"column":29}},"15":{"start":{"line":26,"column":0},"end":{"line":26,"column":39}},"16":{"start":{"line":27,"column":0},"end":{"line":27,"column":31}},"17":{"start":{"line":28,"column":0},"end":{"line":28,"column":29}},"18":{"start":{"line":32,"column":0},"end":{"line":34,"column":3}},"19":{"start":{"line":33,"column":2},"end":{"line":33,"column":35}},"20":{"start":{"line":37,"column":0},"end":{"line":45,"column":3}},"21":{"start":{"line":38,"column":2},"end":{"line":38,"column":64}},"22":{"start":{"line":38,"column":39},"end":{"line":38,"column":64}},"23":{"start":{"line":39,"column":17},"end":{"line":39,"column":34}},"24":{"start":{"line":40,"column":18},"end":{"line":40,"column":29}},"25":{"start":{"line":42,"column":2},"end":{"line":44,"column":5}},"26":{"start":{"line":47,"column":0},"end":{"line":47,"column":21}}},"fnMap":{"0":{"name":"(anonymous_0)","decl":{"start":{"line":32,"column":8},"end":{"line":32,"column":9}},"loc":{"start":{"line":32,"column":34},"end":{"line":34,"column":1}},"line":32},"1":{"name":"(anonymous_1)","decl":{"start":{"line":37,"column":8},"end":{"line":37,"column":9}},"loc":{"start":{"line":37,"column":39},"end":{"line":45,"column":1}},"line":37}},"branchMap":{"0":{"loc":{"start":{"line":38,"column":2},"end":{"line":38,"column":64}},"type":"if","locations":[{"start":{"line":38,"column":2},"end":{"line":38,"column":64}},{"start":{},"end":{}}],"line":38},"1":{"loc":{"start":{"line":39,"column":17},"end":{"line":39,"column":34}},"type":"binary-expr","locations":[{"start":{"line":39,"column":17},"end":{"line":39,"column":27}},{"start":{"line":39,"column":31},"end":{"line":39,"column":34}}],"line":39}},"s":{"0":4,"1":4,"2":4,"3":4,"4":4,"5":4,"6":4,"7":4,"8":4,"9":4,"10":4,"11":4,"12":4,"13":4,"14":4,"15":4,"16":4,"17":4,"18":4,"19":2,"20":4,"21":30,"22":1,"23":30,"24":30,"25":30,"26":4},"f":{"0":2,"1":30},"b":{"0":[1,29],"1":[30,2]},"_coverageSchema":"1a1c01bbd47fc00a2c39e90264f33305004495a9","hash":"491419408d60dccefaeb730a83417679d669b419"}
,"/home/eris/Desktop/code/jobly/config.js": {"path":"/home/eris/Desktop/code/jobly/config.js","statementMap":{"0":{"start":{"line":5,"column":0},"end":{"line":5,"column":27}},"1":{"start":{"line":6,"column":0},"end":{"line":6,"column":18}},"2":{"start":{"line":8,"column":19},"end":{"line":8,"column":57}},"3":{"start":{"line":10,"column":13},"end":{"line":10,"column":38}},"4":{"start":{"line":14,"column":2},"end":{"line":16,"column":44}},"5":{"start":{"line":22,"column":27},"end":{"line":22,"column":67}},"6":{"start":{"line":24,"column":0},"end":{"line":24,"column":35}},"7":{"start":{"line":25,"column":0},"end":{"line":25,"column":46}},"8":{"start":{"line":26,"column":0},"end":{"line":26,"column":45}},"9":{"start":{"line":27,"column":0},"end":{"line":27,"column":61}},"10":{"start":{"line":28,"column":0},"end":{"line":28,"column":50}},"11":{"start":{"line":29,"column":0},"end":{"line":29,"column":19}},"12":{"start":{"line":31,"column":0},"end":{"line":36,"column":2}}},"fnMap":{"0":{"name":"getDatabaseUri","decl":{"start":{"line":13,"column":9},"end":{"line":13,"column":23}},"loc":{"start":{"line":13,"column":26},"end":{"line":17,"column":1}},"line":13}},"branchMap":{"0":{"loc":{"start":{"line":8,"column":19},"end":{"line":8,"column":57}},"type":"binary-expr","locations":[{"start":{"line":8,"column":19},"end":{"line":8,"column":41}},{"start":{"line":8,"column":45},"end":{"line":8,"column":57}}],"line":8},"1":{"loc":{"start":{"line":10,"column":13},"end":{"line":10,"column":38}},"type":"binary-expr","locations":[{"start":{"line":10,"column":13},"end":{"line":10,"column":30}},{"start":{"line":10,"column":34},"end":{"line":10,"column":38}}],"line":10},"2":{"loc":{"start":{"line":14,"column":9},"end":{"line":16,"column":43}},"type":"cond-expr","locations":[{"start":{"line":15,"column":8},"end":{"line":15,"column":20}},{"start":{"line":16,"column":8},"end":{"line":16,"column":43}}],"line":14},"3":{"loc":{"start":{"line":16,"column":8},"end":{"line":16,"column":43}},"type":"binary-expr","locations":[{"start":{"line":16,"column":8},"end":{"line":16,"column":32}},{"start":{"line":16,"column":36},"end":{"line":16,"column":43}}],"line":16},"4":{"loc":{"start":{"line":22,"column":27},"end":{"line":22,"column":67}},"type":"cond-expr","locations":[{"start":{"line":22,"column":61},"end":{"line":22,"column":62}},{"start":{"line":22,"column":65},"end":{"line":22,"column":67}}],"line":22}},"s":{"0":10,"1":10,"2":10,"3":10,"4":20,"5":10,"6":10,"7":10,"8":10,"9":10,"10":10,"11":10,"12":10},"f":{"0":20},"b":{"0":[10,9],"1":[10,9],"2":[17,3],"3":[3,1],"4":[9,1]},"_coverageSchema":"1a1c01bbd47fc00a2c39e90264f33305004495a9","hash":"06de22067f199d87d9279b209e11a1099162aae1"}
,"/home/eris/Desktop/code/jobly/db.js": {"path":"/home/eris/Desktop/code/jobly/db.js","statementMap":{"0":{"start":{"line":3,"column":19},"end":{"line":3,"column":32}},"1":{"start":{"line":4,"column":27},"end":{"line":4,"column":46}},"2":{"start":{"line":8,"column":0},"end":{"line":19,"column":1}},"3":{"start":{"line":9,"column":2},"end":{"line":14,"column":5}},"4":{"start":{"line":16,"column":2},"end":{"line":18,"column":5}},"5":{"start":{"line":21,"column":0},"end":{"line":21,"column":13}},"6":{"start":{"line":23,"column":0},"end":{"line":23,"column":20}}},"fnMap":{},"branchMap":{"0":{"loc":{"start":{"line":8,"column":0},"end":{"line":19,"column":1}},"type":"if","locations":[{"start":{"line":8,"column":0},"end":{"line":19,"column":1}},{"start":{"line":15,"column":7},"end":{"line":19,"column":1}}],"line":8}},"s":{"0":7,"1":7,"2":7,"3":0,"4":7,"5":7,"6":7},"f":{},"b":{"0":[0,7]},"_coverageSchema":"1a1c01bbd47fc00a2c39e90264f33305004495a9","hash":"eca4df011f78d5a2a18a0aaf1d0d4120e0229259"}
,"/home/eris/Desktop/code/jobly/expressError.js": {"path":"/home/eris/Desktop/code/jobly/expressError.js","statementMap":{"0":{"start":{"line":9,"column":4},"end":{"line":9,"column":12}},"1":{"start":{"line":10,"column":4},"end":{"line":10,"column":27}},"2":{"start":{"line":11,"column":4},"end":{"line":11,"column":25}},"3":{"start":{"line":19,"column":4},"end":{"line":19,"column":24}},"4":{"start":{"line":27,"column":4},"end":{"line":27,"column":24}},"5":{"start":{"line":35,"column":4},"end":{"line":35,"column":24}},"6":{"start":{"line":43,"column":4},"end":{"line":43,"column":24}},"7":{"start":{"line":47,"column":0},"end":{"line":53,"column":2}}},"fnMap":{"0":{"name":"(anonymous_0)","decl":{"start":{"line":8,"column":2},"end":{"line":8,"column":3}},"loc":{"start":{"line":8,"column":31},"end":{"line":12,"column":3}},"line":8},"1":{"name":"(anonymous_1)","decl":{"start":{"line":18,"column":2},"end":{"line":18,"column":3}},"loc":{"start":{"line":18,"column":37},"end":{"line":20,"column":3}},"line":18},"2":{"name":"(anonymous_2)","decl":{"start":{"line":26,"column":2},"end":{"line":26,"column":3}},"loc":{"start":{"line":26,"column":40},"end":{"line":28,"column":3}},"line":26},"3":{"name":"(anonymous_3)","decl":{"start":{"line":34,"column":2},"end":{"line":34,"column":3}},"loc":{"start":{"line":34,"column":39},"end":{"line":36,"column":3}},"line":34},"4":{"name":"(anonymous_4)","decl":{"start":{"line":42,"column":2},"end":{"line":42,"column":3}},"loc":{"start":{"line":42,"column":39},"end":{"line":44,"column":3}},"line":42}},"branchMap":{"0":{"loc":{"start":{"line":18,"column":14},"end":{"line":18,"column":35}},"type":"default-arg","locations":[{"start":{"line":18,"column":24},"end":{"line":18,"column":35}}],"line":18},"1":{"loc":{"start":{"line":26,"column":14},"end":{"line":26,"column":38}},"type":"default-arg","locations":[{"start":{"line":26,"column":24},"end":{"line":26,"column":38}}],"line":26},"2":{"loc":{"start":{"line":34,"column":14},"end":{"line":34,"column":37}},"type":"default-arg","locations":[{"start":{"line":34,"column":24},"end":{"line":34,"column":37}}],"line":34},"3":{"loc":{"start":{"line":42,"column":14},"end":{"line":42,"column":37}},"type":"default-arg","locations":[{"start":{"line":42,"column":24},"end":{"line":42,"column":37}}],"line":42}},"s":{"0":46,"1":46,"2":46,"3":15,"4":14,"5":17,"6":0,"7":8},"f":{"0":46,"1":15,"2":14,"3":17,"4":0},"b":{"0":[2],"1":[10],"2":[0],"3":[0]},"_coverageSchema":"1a1c01bbd47fc00a2c39e90264f33305004495a9","hash":"e703c8127181d348da2842a29b5830b78e5c4ffa"}
,"/home/eris/Desktop/code/jobly/helpers/sql.js": {"path":"/home/eris/Desktop/code/jobly/helpers/sql.js","statementMap":{"0":{"start":{"line":1,"column":28},"end":{"line":1,"column":54}},"1":{"start":{"line":6,"column":15},"end":{"line":6,"column":40}},"2":{"start":{"line":7,"column":2},"end":{"line":7,"column":62}},"3":{"start":{"line":7,"column":25},"end":{"line":7,"column":62}},"4":{"start":{"line":10,"column":15},"end":{"line":12,"column":3}},"5":{"start":{"line":11,"column":6},"end":{"line":11,"column":52}},"6":{"start":{"line":14,"column":2},"end":{"line":17,"column":4}},"7":{"start":{"line":20,"column":0},"end":{"line":20,"column":41}}},"fnMap":{"0":{"name":"sqlForPartialUpdate","decl":{"start":{"line":5,"column":9},"end":{"line":5,"column":28}},"loc":{"start":{"line":5,"column":52},"end":{"line":18,"column":1}},"line":5},"1":{"name":"(anonymous_1)","decl":{"start":{"line":10,"column":24},"end":{"line":10,"column":25}},"loc":{"start":{"line":11,"column":6},"end":{"line":11,"column":52}},"line":11}},"branchMap":{"0":{"loc":{"start":{"line":7,"column":2},"end":{"line":7,"column":62}},"type":"if","locations":[{"start":{"line":7,"column":2},"end":{"line":7,"column":62}},{"start":{},"end":{}}],"line":7},"1":{"loc":{"start":{"line":11,"column":10},"end":{"line":11,"column":37}},"type":"binary-expr","locations":[{"start":{"line":11,"column":10},"end":{"line":11,"column":26}},{"start":{"line":11,"column":30},"end":{"line":11,"column":37}}],"line":11}},"s":{"0":7,"1":16,"2":16,"3":3,"4":13,"5":34,"6":13,"7":7},"f":{"0":16,"1":34},"b":{"0":[3,13],"1":[34,17]},"_coverageSchema":"1a1c01bbd47fc00a2c39e90264f33305004495a9","hash":"6cc6e377e966115d341192782bc2da26a0923b69"}
,"/home/eris/Desktop/code/jobly/helpers/tokens.js": {"path":"/home/eris/Desktop/code/jobly/helpers/tokens.js","statementMap":{"0":{"start":{"line":1,"column":12},"end":{"line":1,"column":35}},"1":{"start":{"line":2,"column":23},"end":{"line":2,"column":43}},"2":{"start":{"line":7,"column":2},"end":{"line":8,"column":58}},"3":{"start":{"line":10,"column":16},"end":{"line":13,"column":3}},"4":{"start":{"line":15,"column":2},"end":{"line":15,"column":39}},"5":{"start":{"line":18,"column":0},"end":{"line":18,"column":33}}},"fnMap":{"0":{"name":"createToken","decl":{"start":{"line":6,"column":9},"end":{"line":6,"column":20}},"loc":{"start":{"line":6,"column":27},"end":{"line":16,"column":1}},"line":6}},"branchMap":{"0":{"loc":{"start":{"line":12,"column":13},"end":{"line":12,"column":34}},"type":"binary-expr","locations":[{"start":{"line":12,"column":13},"end":{"line":12,"column":25}},{"start":{"line":12,"column":29},"end":{"line":12,"column":34}}],"line":12}},"s":{"0":5,"1":5,"2":13,"3":13,"4":13,"5":5},"f":{"0":13},"b":{"0":[13,8]},"_coverageSchema":"1a1c01bbd47fc00a2c39e90264f33305004495a9","hash":"186f5c2afcf14dd7c471054f6ac0d6b931b97e7e"}
,"/home/eris/Desktop/code/jobly/middleware/auth.js": {"path":"/home/eris/Desktop/code/jobly/middleware/auth.js","statementMap":{"0":{"start":{"line":5,"column":12},"end":{"line":5,"column":35}},"1":{"start":{"line":6,"column":23},"end":{"line":6,"column":43}},"2":{"start":{"line":7,"column":45},"end":{"line":7,"column":71}},"3":{"start":{"line":19,"column":2},"end":{"line":28,"column":3}},"4":{"start":{"line":20,"column":23},"end":{"line":20,"column":63}},"5":{"start":{"line":21,"column":4},"end":{"line":24,"column":5}},"6":{"start":{"line":22,"column":20},"end":{"line":22,"column":64}},"7":{"start":{"line":23,"column":6},"end":{"line":23,"column":54}},"8":{"start":{"line":25,"column":4},"end":{"line":25,"column":18}},"9":{"start":{"line":27,"column":4},"end":{"line":27,"column":18}},"10":{"start":{"line":37,"column":2},"end":{"line":42,"column":3}},"11":{"start":{"line":38,"column":4},"end":{"line":38,"column":56}},"12":{"start":{"line":38,"column":26},"end":{"line":38,"column":56}},"13":{"start":{"line":39,"column":4},"end":{"line":39,"column":18}},"14":{"start":{"line":41,"column":4},"end":{"line":41,"column":21}},"15":{"start":{"line":46,"column":2},"end":{"line":53,"column":3}},"16":{"start":{"line":47,"column":4},"end":{"line":49,"column":5}},"17":{"start":{"line":48,"column":6},"end":{"line":48,"column":35}},"18":{"start":{"line":50,"column":4},"end":{"line":50,"column":17}},"19":{"start":{"line":52,"column":4},"end":{"line":52,"column":20}},"20":{"start":{"line":56,"column":2},"end":{"line":63,"column":3}},"21":{"start":{"line":57,"column":4},"end":{"line":59,"column":5}},"22":{"start":{"line":58,"column":6},"end":{"line":58,"column":35}},"23":{"start":{"line":60,"column":4},"end":{"line":60,"column":17}},"24":{"start":{"line":62,"column":4},"end":{"line":62,"column":20}},"25":{"start":{"line":65,"column":0},"end":{"line":70,"column":2}}},"fnMap":{"0":{"name":"authenticateJWT","decl":{"start":{"line":18,"column":9},"end":{"line":18,"column":24}},"loc":{"start":{"line":18,"column":41},"end":{"line":29,"column":1}},"line":18},"1":{"name":"ensureLoggedIn","decl":{"start":{"line":36,"column":9},"end":{"line":36,"column":23}},"loc":{"start":{"line":36,"column":40},"end":{"line":43,"column":1}},"line":36},"2":{"name":"checkUserorAdmin","decl":{"start":{"line":45,"column":9},"end":{"line":45,"column":25}},"loc":{"start":{"line":45,"column":42},"end":{"line":54,"column":1}},"line":45},"3":{"name":"checkAdmin","decl":{"start":{"line":55,"column":9},"end":{"line":55,"column":19}},"loc":{"start":{"line":55,"column":36},"end":{"line":64,"column":1}},"line":55}},"branchMap":{"0":{"loc":{"start":{"line":20,"column":23},"end":{"line":20,"column":63}},"type":"binary-expr","locations":[{"start":{"line":20,"column":23},"end":{"line":20,"column":34}},{"start":{"line":20,"column":38},"end":{"line":20,"column":63}}],"line":20},"1":{"loc":{"start":{"line":21,"column":4},"end":{"line":24,"column":5}},"type":"if","locations":[{"start":{"line":21,"column":4},"end":{"line":24,"column":5}},{"start":{},"end":{}}],"line":21},"2":{"loc":{"start":{"line":38,"column":4},"end":{"line":38,"column":56}},"type":"if","locations":[{"start":{"line":38,"column":4},"end":{"line":38,"column":56}},{"start":{},"end":{}}],"line":38},"3":{"loc":{"start":{"line":47,"column":4},"end":{"line":49,"column":5}},"type":"if","locations":[{"start":{"line":47,"column":4},"end":{"line":49,"column":5}},{"start":{},"end":{}}],"line":47},"4":{"loc":{"start":{"line":47,"column":8},"end":{"line":47,"column":90}},"type":"binary-expr","locations":[{"start":{"line":47,"column":8},"end":{"line":47,"column":55}},{"start":{"line":47,"column":59},"end":{"line":47,"column":90}}],"line":47},"5":{"loc":{"start":{"line":57,"column":4},"end":{"line":59,"column":5}},"type":"if","locations":[{"start":{"line":57,"column":4},"end":{"line":59,"column":5}},{"start":{},"end":{}}],"line":57}},"s":{"0":5,"1":5,"2":5,"3":48,"4":48,"5":48,"6":26,"7":26,"8":47,"9":1,"10":32,"11":32,"12":8,"13":24,"14":8,"15":6,"16":6,"17":2,"18":4,"19":2,"20":8,"21":8,"22":0,"23":8,"24":0,"25":5},"f":{"0":48,"1":32,"2":6,"3":8},"b":{"0":[48,47],"1":[26,22],"2":[8,24],"3":[2,4],"4":[6,2],"5":[0,8]},"_coverageSchema":"1a1c01bbd47fc00a2c39e90264f33305004495a9","hash":"964d28f70d5c60d3f6efe54102edd35b5136c159"}
,"/home/eris/Desktop/code/jobly/models/_testCommon.js": {"path":"/home/eris/Desktop/code/jobly/models/_testCommon.js","statementMap":{"0":{"start":{"line":1,"column":15},"end":{"line":1,"column":32}},"1":{"start":{"line":3,"column":11},"end":{"line":3,"column":30}},"2":{"start":{"line":4,"column":31},"end":{"line":4,"column":51}},"3":{"start":{"line":8,"column":2},"end":{"line":8,"column":42}},"4":{"start":{"line":10,"column":2},"end":{"line":10,"column":38}},"5":{"start":{"line":12,"column":2},"end":{"line":16,"column":55}},"6":{"start":{"line":18,"column":2},"end":{"line":30,"column":7}},"7":{"start":{"line":31,"column":2},"end":{"line":35,"column":50}},"8":{"start":{"line":39,"column":2},"end":{"line":39,"column":26}},"9":{"start":{"line":43,"column":2},"end":{"line":43,"column":29}},"10":{"start":{"line":47,"column":2},"end":{"line":47,"column":17}},"11":{"start":{"line":51,"column":0},"end":{"line":56,"column":2}}},"fnMap":{"0":{"name":"commonBeforeAll","decl":{"start":{"line":6,"column":15},"end":{"line":6,"column":30}},"loc":{"start":{"line":6,"column":33},"end":{"line":36,"column":1}},"line":6},"1":{"name":"commonBeforeEach","decl":{"start":{"line":38,"column":15},"end":{"line":38,"column":31}},"loc":{"start":{"line":38,"column":34},"end":{"line":40,"column":1}},"line":38},"2":{"name":"commonAfterEach","decl":{"start":{"line":42,"column":15},"end":{"line":42,"column":30}},"loc":{"start":{"line":42,"column":33},"end":{"line":44,"column":1}},"line":42},"3":{"name":"commonAfterAll","decl":{"start":{"line":46,"column":15},"end":{"line":46,"column":29}},"loc":{"start":{"line":46,"column":32},"end":{"line":48,"column":1}},"line":46}},"branchMap":{},"s":{"0":3,"1":3,"2":3,"3":3,"4":3,"5":3,"6":3,"7":3,"8":37,"9":37,"10":3,"11":3},"f":{"0":3,"1":37,"2":37,"3":3},"b":{},"_coverageSchema":"1a1c01bbd47fc00a2c39e90264f33305004495a9","hash":"089d0e48b4c4e1564890752c7e25a63899b961e4"}
,"/home/eris/Desktop/code/jobly/models/company.js": {"path":"/home/eris/Desktop/code/jobly/models/company.js","statementMap":{"0":{"start":{"line":3,"column":11},"end":{"line":3,"column":27}},"1":{"start":{"line":4,"column":43},"end":{"line":4,"column":69}},"2":{"start":{"line":5,"column":32},"end":{"line":5,"column":57}},"3":{"start":{"line":20,"column":27},"end":{"line":25,"column":5}},"4":{"start":{"line":27,"column":4},"end":{"line":28,"column":64}},"5":{"start":{"line":28,"column":6},"end":{"line":28,"column":64}},"6":{"start":{"line":30,"column":19},"end":{"line":36,"column":5}},"7":{"start":{"line":37,"column":20},"end":{"line":37,"column":34}},"8":{"start":{"line":39,"column":4},"end":{"line":39,"column":19}},"9":{"start":{"line":49,"column":25},"end":{"line":56,"column":5}},"10":{"start":{"line":57,"column":16},"end":{"line":57,"column":33}},"11":{"start":{"line":59,"column":4},"end":{"line":63,"column":5}},"12":{"start":{"line":60,"column":6},"end":{"line":62,"column":9}},"13":{"start":{"line":61,"column":8},"end":{"line":61,"column":64}},"14":{"start":{"line":61,"column":52},"end":{"line":61,"column":64}},"15":{"start":{"line":64,"column":4},"end":{"line":68,"column":5}},"16":{"start":{"line":65,"column":6},"end":{"line":67,"column":9}},"17":{"start":{"line":66,"column":8},"end":{"line":66,"column":58}},"18":{"start":{"line":66,"column":46},"end":{"line":66,"column":58}},"19":{"start":{"line":69,"column":4},"end":{"line":73,"column":5}},"20":{"start":{"line":70,"column":6},"end":{"line":72,"column":9}},"21":{"start":{"line":71,"column":8},"end":{"line":71,"column":58}},"22":{"start":{"line":71,"column":46},"end":{"line":71,"column":58}},"23":{"start":{"line":74,"column":4},"end":{"line":74,"column":17}},"24":{"start":{"line":86,"column":23},"end":{"line":95,"column":5}},"25":{"start":{"line":97,"column":20},"end":{"line":97,"column":38}},"26":{"start":{"line":99,"column":4},"end":{"line":99,"column":67}},"27":{"start":{"line":99,"column":18},"end":{"line":99,"column":67}},"28":{"start":{"line":101,"column":4},"end":{"line":101,"column":19}},"29":{"start":{"line":117,"column":32},"end":{"line":120,"column":6}},"30":{"start":{"line":121,"column":25},"end":{"line":121,"column":50}},"31":{"start":{"line":123,"column":21},"end":{"line":130,"column":54}},"32":{"start":{"line":131,"column":19},"end":{"line":131,"column":64}},"33":{"start":{"line":132,"column":20},"end":{"line":132,"column":34}},"34":{"start":{"line":134,"column":4},"end":{"line":134,"column":67}},"35":{"start":{"line":134,"column":18},"end":{"line":134,"column":67}},"36":{"start":{"line":136,"column":4},"end":{"line":136,"column":19}},"37":{"start":{"line":145,"column":19},"end":{"line":151,"column":5}},"38":{"start":{"line":152,"column":20},"end":{"line":152,"column":34}},"39":{"start":{"line":154,"column":4},"end":{"line":154,"column":67}},"40":{"start":{"line":154,"column":18},"end":{"line":154,"column":67}},"41":{"start":{"line":158,"column":0},"end":{"line":158,"column":25}}},"fnMap":{"0":{"name":"(anonymous_0)","decl":{"start":{"line":19,"column":2},"end":{"line":19,"column":3}},"loc":{"start":{"line":19,"column":76},"end":{"line":40,"column":3}},"line":19},"1":{"name":"(anonymous_1)","decl":{"start":{"line":48,"column":2},"end":{"line":48,"column":3}},"loc":{"start":{"line":48,"column":62},"end":{"line":75,"column":3}},"line":48},"2":{"name":"(anonymous_2)","decl":{"start":{"line":60,"column":39},"end":{"line":60,"column":40}},"loc":{"start":{"line":60,"column":49},"end":{"line":62,"column":7}},"line":60},"3":{"name":"(anonymous_3)","decl":{"start":{"line":65,"column":27},"end":{"line":65,"column":28}},"loc":{"start":{"line":65,"column":37},"end":{"line":67,"column":7}},"line":65},"4":{"name":"(anonymous_4)","decl":{"start":{"line":70,"column":27},"end":{"line":70,"column":28}},"loc":{"start":{"line":70,"column":37},"end":{"line":72,"column":7}},"line":70},"5":{"name":"(anonymous_5)","decl":{"start":{"line":85,"column":2},"end":{"line":85,"column":3}},"loc":{"start":{"line":85,"column":27},"end":{"line":102,"column":3}},"line":85},"6":{"name":"(anonymous_6)","decl":{"start":{"line":116,"column":2},"end":{"line":116,"column":3}},"loc":{"start":{"line":116,"column":36},"end":{"line":137,"column":3}},"line":116},"7":{"name":"(anonymous_7)","decl":{"start":{"line":144,"column":2},"end":{"line":144,"column":3}},"loc":{"start":{"line":144,"column":30},"end":{"line":155,"column":3}},"line":144}},"branchMap":{"0":{"loc":{"start":{"line":27,"column":4},"end":{"line":28,"column":64}},"type":"if","locations":[{"start":{"line":27,"column":4},"end":{"line":28,"column":64}},{"start":{},"end":{}}],"line":27},"1":{"loc":{"start":{"line":48,"column":23},"end":{"line":48,"column":60}},"type":"default-arg","locations":[{"start":{"line":48,"column":58},"end":{"line":48,"column":60}}],"line":48},"2":{"loc":{"start":{"line":59,"column":4},"end":{"line":63,"column":5}},"type":"if","locations":[{"start":{"line":59,"column":4},"end":{"line":63,"column":5}},{"start":{},"end":{}}],"line":59},"3":{"loc":{"start":{"line":61,"column":8},"end":{"line":61,"column":64}},"type":"if","locations":[{"start":{"line":61,"column":8},"end":{"line":61,"column":64}},{"start":{},"end":{}}],"line":61},"4":{"loc":{"start":{"line":64,"column":4},"end":{"line":68,"column":5}},"type":"if","locations":[{"start":{"line":64,"column":4},"end":{"line":68,"column":5}},{"start":{},"end":{}}],"line":64},"5":{"loc":{"start":{"line":66,"column":8},"end":{"line":66,"column":58}},"type":"if","locations":[{"start":{"line":66,"column":8},"end":{"line":66,"column":58}},{"start":{},"end":{}}],"line":66},"6":{"loc":{"start":{"line":69,"column":4},"end":{"line":73,"column":5}},"type":"if","locations":[{"start":{"line":69,"column":4},"end":{"line":73,"column":5}},{"start":{},"end":{}}],"line":69},"7":{"loc":{"start":{"line":71,"column":8},"end":{"line":71,"column":58}},"type":"if","locations":[{"start":{"line":71,"column":8},"end":{"line":71,"column":58}},{"start":{},"end":{}}],"line":71},"8":{"loc":{"start":{"line":99,"column":4},"end":{"line":99,"column":67}},"type":"if","locations":[{"start":{"line":99,"column":4},"end":{"line":99,"column":67}},{"start":{},"end":{}}],"line":99},"9":{"loc":{"start":{"line":134,"column":4},"end":{"line":134,"column":67}},"type":"if","locations":[{"start":{"line":134,"column":4},"end":{"line":134,"column":67}},{"start":{},"end":{}}],"line":134},"10":{"loc":{"start":{"line":154,"column":4},"end":{"line":154,"column":67}},"type":"if","locations":[{"start":{"line":154,"column":4},"end":{"line":154,"column":67}},{"start":{},"end":{}}],"line":154}},"s":{"0":6,"1":6,"2":6,"3":16,"4":16,"5":2,"6":14,"7":14,"8":14,"9":4,"10":3,"11":3,"12":0,"13":0,"14":0,"15":3,"16":0,"17":0,"18":0,"19":3,"20":0,"21":0,"22":0,"23":3,"24":7,"25":7,"26":7,"27":3,"28":4,"29":10,"30":8,"31":8,"32":8,"33":8,"34":8,"35":3,"36":5,"37":6,"38":6,"39":6,"40":3,"41":6},"f":{"0":16,"1":4,"2":0,"3":0,"4":0,"5":7,"6":10,"7":6},"b":{"0":[2,14],"1":[2],"2":[0,3],"3":[0,0],"4":[0,3],"5":[0,0],"6":[0,3],"7":[0,0],"8":[3,4],"9":[3,5],"10":[3,3]},"_coverageSchema":"1a1c01bbd47fc00a2c39e90264f33305004495a9","hash":"4ec927985c4e4fef5997a01c0076c870acd55faf"}
,"/home/eris/Desktop/code/jobly/models/job.js": {"path":"/home/eris/Desktop/code/jobly/models/job.js","statementMap":{"0":{"start":{"line":3,"column":11},"end":{"line":3,"column":27}},"1":{"start":{"line":4,"column":43},"end":{"line":4,"column":69}},"2":{"start":{"line":5,"column":32},"end":{"line":5,"column":57}},"3":{"start":{"line":20,"column":27},"end":{"line":25,"column":5}},"4":{"start":{"line":27,"column":4},"end":{"line":28,"column":59}},"5":{"start":{"line":28,"column":6},"end":{"line":28,"column":59}},"6":{"start":{"line":30,"column":19},"end":{"line":36,"column":5}},"7":{"start":{"line":37,"column":16},"end":{"line":37,"column":30}},"8":{"start":{"line":39,"column":4},"end":{"line":39,"column":15}},"9":{"start":{"line":49,"column":20},"end":{"line":52,"column":5}},"10":{"start":{"line":53,"column":15},"end":{"line":53,"column":27}},"11":{"start":{"line":55,"column":4},"end":{"line":59,"column":5}},"12":{"start":{"line":56,"column":6},"end":{"line":58,"column":9}},"13":{"start":{"line":57,"column":8},"end":{"line":57,"column":64}},"14":{"start":{"line":57,"column":53},"end":{"line":57,"column":64}},"15":{"start":{"line":60,"column":4},"end":{"line":64,"column":5}},"16":{"start":{"line":61,"column":6},"end":{"line":63,"column":9}},"17":{"start":{"line":62,"column":8},"end":{"line":62,"column":47}},"18":{"start":{"line":62,"column":36},"end":{"line":62,"column":47}},"19":{"start":{"line":65,"column":4},"end":{"line":69,"column":5}},"20":{"start":{"line":66,"column":6},"end":{"line":68,"column":9}},"21":{"start":{"line":67,"column":8},"end":{"line":67,"column":39}},"22":{"start":{"line":67,"column":28},"end":{"line":67,"column":39}},"23":{"start":{"line":70,"column":4},"end":{"line":70,"column":16}},"24":{"start":{"line":82,"column":20},"end":{"line":87,"column":5}},"25":{"start":{"line":89,"column":16},"end":{"line":89,"column":31}},"26":{"start":{"line":93,"column":4},"end":{"line":93,"column":21}},"27":{"start":{"line":109,"column":32},"end":{"line":113,"column":6}},"28":{"start":{"line":114,"column":25},"end":{"line":114,"column":50}},"29":{"start":{"line":116,"column":21},"end":{"line":119,"column":54}},"30":{"start":{"line":121,"column":19},"end":{"line":121,"column":60}},"31":{"start":{"line":122,"column":16},"end":{"line":122,"column":30}},"32":{"start":{"line":124,"column":4},"end":{"line":124,"column":59}},"33":{"start":{"line":124,"column":14},"end":{"line":124,"column":59}},"34":{"start":{"line":126,"column":4},"end":{"line":126,"column":15}},"35":{"start":{"line":135,"column":19},"end":{"line":141,"column":5}},"36":{"start":{"line":142,"column":16},"end":{"line":142,"column":30}},"37":{"start":{"line":144,"column":4},"end":{"line":144,"column":63}},"38":{"start":{"line":144,"column":14},"end":{"line":144,"column":63}},"39":{"start":{"line":148,"column":0},"end":{"line":148,"column":21}}},"fnMap":{"0":{"name":"(anonymous_0)","decl":{"start":{"line":19,"column":2},"end":{"line":19,"column":3}},"loc":{"start":{"line":19,"column":65},"end":{"line":40,"column":3}},"line":19},"1":{"name":"(anonymous_1)","decl":{"start":{"line":48,"column":2},"end":{"line":48,"column":3}},"loc":{"start":{"line":48,"column":54},"end":{"line":71,"column":3}},"line":48},"2":{"name":"(anonymous_2)","decl":{"start":{"line":56,"column":25},"end":{"line":56,"column":26}},"loc":{"start":{"line":56,"column":34},"end":{"line":58,"column":7}},"line":56},"3":{"name":"(anonymous_3)","decl":{"start":{"line":61,"column":25},"end":{"line":61,"column":26}},"loc":{"start":{"line":61,"column":34},"end":{"line":63,"column":7}},"line":61},"4":{"name":"(anonymous_4)","decl":{"start":{"line":66,"column":25},"end":{"line":66,"column":26}},"loc":{"start":{"line":66,"column":34},"end":{"line":68,"column":7}},"line":66},"5":{"name":"(anonymous_5)","decl":{"start":{"line":81,"column":2},"end":{"line":81,"column":3}},"loc":{"start":{"line":81,"column":27},"end":{"line":94,"column":3}},"line":81},"6":{"name":"(anonymous_6)","decl":{"start":{"line":108,"column":2},"end":{"line":108,"column":3}},"loc":{"start":{"line":108,"column":32},"end":{"line":127,"column":3}},"line":108},"7":{"name":"(anonymous_7)","decl":{"start":{"line":134,"column":2},"end":{"line":134,"column":3}},"loc":{"start":{"line":134,"column":30},"end":{"line":145,"column":3}},"line":134}},"branchMap":{"0":{"loc":{"start":{"line":27,"column":4},"end":{"line":28,"column":59}},"type":"if","locations":[{"start":{"line":27,"column":4},"end":{"line":28,"column":59}},{"start":{},"end":{}}],"line":27},"1":{"loc":{"start":{"line":55,"column":4},"end":{"line":59,"column":5}},"type":"if","locations":[{"start":{"line":55,"column":4},"end":{"line":59,"column":5}},{"start":{},"end":{}}],"line":55},"2":{"loc":{"start":{"line":57,"column":8},"end":{"line":57,"column":64}},"type":"if","locations":[{"start":{"line":57,"column":8},"end":{"line":57,"column":64}},{"start":{},"end":{}}],"line":57},"3":{"loc":{"start":{"line":60,"column":4},"end":{"line":64,"column":5}},"type":"if","locations":[{"start":{"line":60,"column":4},"end":{"line":64,"column":5}},{"start":{},"end":{}}],"line":60},"4":{"loc":{"start":{"line":62,"column":8},"end":{"line":62,"column":47}},"type":"if","locations":[{"start":{"line":62,"column":8},"end":{"line":62,"column":47}},{"start":{},"end":{}}],"line":62},"5":{"loc":{"start":{"line":65,"column":4},"end":{"line":69,"column":5}},"type":"if","locations":[{"start":{"line":65,"column":4},"end":{"line":69,"column":5}},{"start":{},"end":{}}],"line":65},"6":{"loc":{"start":{"line":67,"column":8},"end":{"line":67,"column":39}},"type":"if","locations":[{"start":{"line":67,"column":8},"end":{"line":67,"column":39}},{"start":{},"end":{}}],"line":67},"7":{"loc":{"start":{"line":93,"column":11},"end":{"line":93,"column":20}},"type":"binary-expr","locations":[{"start":{"line":93,"column":11},"end":{"line":93,"column":14}},{"start":{"line":93,"column":18},"end":{"line":93,"column":20}}],"line":93},"8":{"loc":{"start":{"line":124,"column":4},"end":{"line":124,"column":59}},"type":"if","locations":[{"start":{"line":124,"column":4},"end":{"line":124,"column":59}},{"start":{},"end":{}}],"line":124},"9":{"loc":{"start":{"line":144,"column":4},"end":{"line":144,"column":63}},"type":"if","locations":[{"start":{"line":144,"column":4},"end":{"line":144,"column":63}},{"start":{},"end":{}}],"line":144}},"s":{"0":4,"1":4,"2":4,"3":0,"4":0,"5":0,"6":0,"7":0,"8":0,"9":0,"10":0,"11":0,"12":0,"13":0,"14":0,"15":0,"16":0,"17":0,"18":0,"19":0,"20":0,"21":0,"22":0,"23":0,"24":2,"25":2,"26":2,"27":0,"28":0,"29":0,"30":0,"31":0,"32":0,"33":0,"34":0,"35":0,"36":0,"37":0,"38":0,"39":4},"f":{"0":0,"1":0,"2":0,"3":0,"4":0,"5":2,"6":0,"7":0},"b":{"0":[0,0],"1":[0,0],"2":[0,0],"3":[0,0],"4":[0,0],"5":[0,0],"6":[0,0],"7":[2,2],"8":[0,0],"9":[0,0]},"_coverageSchema":"1a1c01bbd47fc00a2c39e90264f33305004495a9","hash":"398cd9c891f0f24914924e5973ceedbe2360ea62"}
,"/home/eris/Desktop/code/jobly/models/user.js": {"path":"/home/eris/Desktop/code/jobly/models/user.js","statementMap":{"0":{"start":{"line":3,"column":11},"end":{"line":3,"column":27}},"1":{"start":{"line":4,"column":15},"end":{"line":4,"column":32}},"2":{"start":{"line":5,"column":32},"end":{"line":5,"column":57}},"3":{"start":{"line":10,"column":4},"end":{"line":10,"column":30}},"4":{"start":{"line":12,"column":31},"end":{"line":12,"column":54}},"5":{"start":{"line":26,"column":19},"end":{"line":36,"column":5}},"6":{"start":{"line":38,"column":17},"end":{"line":38,"column":31}},"7":{"start":{"line":40,"column":4},"end":{"line":47,"column":5}},"8":{"start":{"line":42,"column":22},"end":{"line":42,"column":67}},"9":{"start":{"line":43,"column":6},"end":{"line":46,"column":7}},"10":{"start":{"line":44,"column":8},"end":{"line":44,"column":29}},"11":{"start":{"line":45,"column":8},"end":{"line":45,"column":20}},"12":{"start":{"line":49,"column":4},"end":{"line":49,"column":61}},"13":{"start":{"line":61,"column":27},"end":{"line":66,"column":5}},"14":{"start":{"line":68,"column":4},"end":{"line":70,"column":5}},"15":{"start":{"line":69,"column":6},"end":{"line":69,"column":67}},"16":{"start":{"line":72,"column":27},"end":{"line":72,"column":74}},"17":{"start":{"line":74,"column":19},"end":{"line":92,"column":5}},"18":{"start":{"line":94,"column":17},"end":{"line":94,"column":31}},"19":{"start":{"line":96,"column":4},"end":{"line":96,"column":16}},"20":{"start":{"line":105,"column":19},"end":{"line":113,"column":5}},"21":{"start":{"line":115,"column":4},"end":{"line":115,"column":23}},"22":{"start":{"line":127,"column":20},"end":{"line":136,"column":5}},"23":{"start":{"line":137,"column":24},"end":{"line":137,"column":103}},"24":{"start":{"line":139,"column":15},"end":{"line":139,"column":36}},"25":{"start":{"line":140,"column":4},"end":{"line":140,"column":88}},"26":{"start":{"line":140,"column":40},"end":{"line":140,"column":88}},"27":{"start":{"line":141,"column":15},"end":{"line":141,"column":37}},"28":{"start":{"line":142,"column":4},"end":{"line":142,"column":21}},"29":{"start":{"line":144,"column":4},"end":{"line":144,"column":16}},"30":{"start":{"line":165,"column":4},"end":{"line":167,"column":5}},"31":{"start":{"line":166,"column":6},"end":{"line":166,"column":75}},"32":{"start":{"line":169,"column":32},"end":{"line":175,"column":8}},"33":{"start":{"line":176,"column":27},"end":{"line":176,"column":52}},"34":{"start":{"line":178,"column":21},"end":{"line":185,"column":54}},"35":{"start":{"line":186,"column":19},"end":{"line":186,"column":66}},"36":{"start":{"line":187,"column":17},"end":{"line":187,"column":31}},"37":{"start":{"line":189,"column":4},"end":{"line":189,"column":63}},"38":{"start":{"line":189,"column":15},"end":{"line":189,"column":63}},"39":{"start":{"line":191,"column":4},"end":{"line":191,"column":25}},"40":{"start":{"line":192,"column":4},"end":{"line":192,"column":16}},"41":{"start":{"line":198,"column":17},"end":{"line":204,"column":5}},"42":{"start":{"line":205,"column":17},"end":{"line":205,"column":31}},"43":{"start":{"line":207,"column":4},"end":{"line":207,"column":63}},"44":{"start":{"line":207,"column":15},"end":{"line":207,"column":63}},"45":{"start":{"line":211,"column":19},"end":{"line":213,"column":5}},"46":{"start":{"line":214,"column":4},"end":{"line":214,"column":26}},"47":{"start":{"line":219,"column":0},"end":{"line":219,"column":22}}},"fnMap":{"0":{"name":"(anonymous_0)","decl":{"start":{"line":24,"column":2},"end":{"line":24,"column":3}},"loc":{"start":{"line":24,"column":48},"end":{"line":50,"column":3}},"line":24},"1":{"name":"(anonymous_1)","decl":{"start":{"line":59,"column":2},"end":{"line":59,"column":3}},"loc":{"start":{"line":60,"column":65},"end":{"line":97,"column":3}},"line":60},"2":{"name":"(anonymous_2)","decl":{"start":{"line":104,"column":2},"end":{"line":104,"column":3}},"loc":{"start":{"line":104,"column":25},"end":{"line":116,"column":3}},"line":104},"3":{"name":"(anonymous_3)","decl":{"start":{"line":126,"column":2},"end":{"line":126,"column":3}},"loc":{"start":{"line":126,"column":29},"end":{"line":145,"column":3}},"line":126},"4":{"name":"(anonymous_4)","decl":{"start":{"line":164,"column":2},"end":{"line":164,"column":3}},"loc":{"start":{"line":164,"column":38},"end":{"line":193,"column":3}},"line":164},"5":{"name":"(anonymous_5)","decl":{"start":{"line":197,"column":2},"end":{"line":197,"column":3}},"loc":{"start":{"line":197,"column":32},"end":{"line":208,"column":3}},"line":197},"6":{"name":"(anonymous_6)","decl":{"start":{"line":210,"column":2},"end":{"line":210,"column":3}},"loc":{"start":{"line":210,"column":42},"end":{"line":215,"column":3}},"line":210}},"branchMap":{"0":{"loc":{"start":{"line":40,"column":4},"end":{"line":47,"column":5}},"type":"if","locations":[{"start":{"line":40,"column":4},"end":{"line":47,"column":5}},{"start":{},"end":{}}],"line":40},"1":{"loc":{"start":{"line":43,"column":6},"end":{"line":46,"column":7}},"type":"if","locations":[{"start":{"line":43,"column":6},"end":{"line":46,"column":7}},{"start":{},"end":{}}],"line":43},"2":{"loc":{"start":{"line":68,"column":4},"end":{"line":70,"column":5}},"type":"if","locations":[{"start":{"line":68,"column":4},"end":{"line":70,"column":5}},{"start":{},"end":{}}],"line":68},"3":{"loc":{"start":{"line":139,"column":15},"end":{"line":139,"column":36}},"type":"binary-expr","locations":[{"start":{"line":139,"column":15},"end":{"line":139,"column":30}},{"start":{"line":139,"column":34},"end":{"line":139,"column":36}}],"line":139},"4":{"loc":{"start":{"line":140,"column":4},"end":{"line":140,"column":88}},"type":"if","locations":[{"start":{"line":140,"column":4},"end":{"line":140,"column":88}},{"start":{},"end":{}}],"line":140},"5":{"loc":{"start":{"line":141,"column":15},"end":{"line":141,"column":37}},"type":"binary-expr","locations":[{"start":{"line":141,"column":15},"end":{"line":141,"column":31}},{"start":{"line":141,"column":35},"end":{"line":141,"column":37}}],"line":141},"6":{"loc":{"start":{"line":165,"column":4},"end":{"line":167,"column":5}},"type":"if","locations":[{"start":{"line":165,"column":4},"end":{"line":167,"column":5}},{"start":{},"end":{}}],"line":165},"7":{"loc":{"start":{"line":189,"column":4},"end":{"line":189,"column":63}},"type":"if","locations":[{"start":{"line":189,"column":4},"end":{"line":189,"column":63}},{"start":{},"end":{}}],"line":189},"8":{"loc":{"start":{"line":207,"column":4},"end":{"line":207,"column":63}},"type":"if","locations":[{"start":{"line":207,"column":4},"end":{"line":207,"column":63}},{"start":{},"end":{}}],"line":207}},"s":{"0":5,"1":5,"2":5,"3":5,"4":5,"5":7,"6":7,"7":7,"8":4,"9":4,"10":3,"11":3,"12":4,"13":16,"14":16,"15":1,"16":15,"17":15,"18":15,"19":15,"20":3,"21":2,"22":4,"23":4,"24":4,"25":4,"26":2,"27":2,"28":2,"29":2,"30":6,"31":2,"32":6,"33":5,"34":5,"35":5,"36":5,"37":5,"38":1,"39":4,"40":4,"41":3,"42":3,"43":3,"44":1,"45":0,"46":0,"47":5},"f":{"0":7,"1":16,"2":3,"3":4,"4":6,"5":3,"6":0},"b":{"0":[4,3],"1":[3,1],"2":[1,15],"3":[4,2],"4":[2,2],"5":[2,0],"6":[2,4],"7":[1,4],"8":[1,2]},"_coverageSchema":"1a1c01bbd47fc00a2c39e90264f33305004495a9","hash":"0d17bd1b2edc510afac8e98ecd409bac69c66bbe"}
,"/home/eris/Desktop/code/jobly/routes/_testCommon.js": {"path":"/home/eris/Desktop/code/jobly/routes/_testCommon.js","statementMap":{"0":{"start":{"line":3,"column":11},"end":{"line":3,"column":30}},"1":{"start":{"line":4,"column":13},"end":{"line":4,"column":38}},"2":{"start":{"line":5,"column":16},"end":{"line":5,"column":44}},"3":{"start":{"line":6,"column":24},"end":{"line":6,"column":52}},"4":{"start":{"line":10,"column":2},"end":{"line":10,"column":38}},"5":{"start":{"line":12,"column":2},"end":{"line":12,"column":42}},"6":{"start":{"line":14,"column":2},"end":{"line":21,"column":9}},"7":{"start":{"line":22,"column":2},"end":{"line":29,"column":9}},"8":{"start":{"line":30,"column":2},"end":{"line":37,"column":9}},"9":{"start":{"line":39,"column":2},"end":{"line":46,"column":5}},"10":{"start":{"line":47,"column":2},"end":{"line":54,"column":5}},"11":{"start":{"line":55,"column":2},"end":{"line":62,"column":5}},"12":{"start":{"line":66,"column":2},"end":{"line":66,"column":26}},"13":{"start":{"line":70,"column":2},"end":{"line":70,"column":29}},"14":{"start":{"line":74,"column":2},"end":{"line":74,"column":17}},"15":{"start":{"line":78,"column":16},"end":{"line":78,"column":63}},"16":{"start":{"line":79,"column":16},"end":{"line":79,"column":62}},"17":{"start":{"line":81,"column":0},"end":{"line":88,"column":2}}},"fnMap":{"0":{"name":"commonBeforeAll","decl":{"start":{"line":8,"column":15},"end":{"line":8,"column":30}},"loc":{"start":{"line":8,"column":33},"end":{"line":63,"column":1}},"line":8},"1":{"name":"commonBeforeEach","decl":{"start":{"line":65,"column":15},"end":{"line":65,"column":31}},"loc":{"start":{"line":65,"column":34},"end":{"line":67,"column":1}},"line":65},"2":{"name":"commonAfterEach","decl":{"start":{"line":69,"column":15},"end":{"line":69,"column":30}},"loc":{"start":{"line":69,"column":33},"end":{"line":71,"column":1}},"line":69},"3":{"name":"commonAfterAll","decl":{"start":{"line":73,"column":15},"end":{"line":73,"column":29}},"loc":{"start":{"line":73,"column":32},"end":{"line":75,"column":1}},"line":73}},"branchMap":{},"s":{"0":3,"1":3,"2":3,"3":3,"4":3,"5":3,"6":3,"7":3,"8":3,"9":3,"10":3,"11":3,"12":43,"13":43,"14":3,"15":3,"16":3,"17":3},"f":{"0":3,"1":43,"2":43,"3":3},"b":{},"_coverageSchema":"1a1c01bbd47fc00a2c39e90264f33305004495a9","hash":"51ae8c7d0428cd6fb9345527660d417053443527"}
,"/home/eris/Desktop/code/jobly/routes/auth.js": {"path":"/home/eris/Desktop/code/jobly/routes/auth.js","statementMap":{"0":{"start":{"line":5,"column":19},"end":{"line":5,"column":40}},"1":{"start":{"line":7,"column":13},"end":{"line":7,"column":38}},"2":{"start":{"line":8,"column":16},"end":{"line":8,"column":34}},"3":{"start":{"line":9,"column":15},"end":{"line":9,"column":35}},"4":{"start":{"line":10,"column":24},"end":{"line":10,"column":52}},"5":{"start":{"line":11,"column":23},"end":{"line":11,"column":58}},"6":{"start":{"line":12,"column":27},"end":{"line":12,"column":66}},"7":{"start":{"line":13,"column":28},"end":{"line":13,"column":54}},"8":{"start":{"line":22,"column":0},"end":{"line":37,"column":3}},"9":{"start":{"line":23,"column":2},"end":{"line":36,"column":3}},"10":{"start":{"line":24,"column":22},"end":{"line":24,"column":67}},"11":{"start":{"line":25,"column":4},"end":{"line":28,"column":5}},"12":{"start":{"line":26,"column":19},"end":{"line":26,"column":53}},"13":{"start":{"line":26,"column":45},"end":{"line":26,"column":52}},"14":{"start":{"line":27,"column":6},"end":{"line":27,"column":38}},"15":{"start":{"line":30,"column":35},"end":{"line":30,"column":43}},"16":{"start":{"line":31,"column":17},"end":{"line":31,"column":60}},"17":{"start":{"line":32,"column":18},"end":{"line":32,"column":35}},"18":{"start":{"line":33,"column":4},"end":{"line":33,"column":31}},"19":{"start":{"line":35,"column":4},"end":{"line":35,"column":21}},"20":{"start":{"line":49,"column":0},"end":{"line":63,"column":3}},"21":{"start":{"line":50,"column":2},"end":{"line":62,"column":3}},"22":{"start":{"line":51,"column":22},"end":{"line":51,"column":71}},"23":{"start":{"line":52,"column":4},"end":{"line":55,"column":5}},"24":{"start":{"line":53,"column":19},"end":{"line":53,"column":53}},"25":{"start":{"line":53,"column":45},"end":{"line":53,"column":52}},"26":{"start":{"line":54,"column":6},"end":{"line":54,"column":38}},"27":{"start":{"line":57,"column":20},"end":{"line":57,"column":72}},"28":{"start":{"line":58,"column":18},"end":{"line":58,"column":38}},"29":{"start":{"line":59,"column":4},"end":{"line":59,"column":43}},"30":{"start":{"line":61,"column":4},"end":{"line":61,"column":21}},"31":{"start":{"line":66,"column":0},"end":{"line":66,"column":24}}},"fnMap":{"0":{"name":"(anonymous_0)","decl":{"start":{"line":22,"column":22},"end":{"line":22,"column":23}},"loc":{"start":{"line":22,"column":54},"end":{"line":37,"column":1}},"line":22},"1":{"name":"(anonymous_1)","decl":{"start":{"line":26,"column":40},"end":{"line":26,"column":41}},"loc":{"start":{"line":26,"column":45},"end":{"line":26,"column":52}},"line":26},"2":{"name":"(anonymous_2)","decl":{"start":{"line":49,"column":25},"end":{"line":49,"column":26}},"loc":{"start":{"line":49,"column":57},"end":{"line":63,"column":1}},"line":49},"3":{"name":"(anonymous_3)","decl":{"start":{"line":53,"column":40},"end":{"line":53,"column":41}},"loc":{"start":{"line":53,"column":45},"end":{"line":53,"column":52}},"line":53}},"branchMap":{"0":{"loc":{"start":{"line":25,"column":4},"end":{"line":28,"column":5}},"type":"if","locations":[{"start":{"line":25,"column":4},"end":{"line":28,"column":5}},{"start":{},"end":{}}],"line":25},"1":{"loc":{"start":{"line":52,"column":4},"end":{"line":55,"column":5}},"type":"if","locations":[{"start":{"line":52,"column":4},"end":{"line":55,"column":5}},{"start":{},"end":{}}],"line":52}},"s":{"0":4,"1":4,"2":4,"3":4,"4":4,"5":4,"6":4,"7":4,"8":4,"9":5,"10":5,"11":5,"12":2,"13":2,"14":2,"15":3,"16":3,"17":1,"18":1,"19":4,"20":4,"21":3,"22":3,"23":3,"24":2,"25":5,"26":2,"27":1,"28":1,"29":1,"30":2,"31":4},"f":{"0":5,"1":2,"2":3,"3":5},"b":{"0":[2,3],"1":[2,1]},"_coverageSchema":"1a1c01bbd47fc00a2c39e90264f33305004495a9","hash":"638b7e397f763ffdcdf66a606aa548f710eab56c"}
,"/home/eris/Desktop/code/jobly/routes/companies.js": {"path":"/home/eris/Desktop/code/jobly/routes/companies.js","statementMap":{"0":{"start":{"line":5,"column":19},"end":{"line":5,"column":40}},"1":{"start":{"line":6,"column":16},"end":{"line":6,"column":34}},"2":{"start":{"line":8,"column":28},"end":{"line":8,"column":54}},"3":{"start":{"line":9,"column":39},"end":{"line":9,"column":68}},"4":{"start":{"line":10,"column":16},"end":{"line":10,"column":44}},"5":{"start":{"line":11,"column":12},"end":{"line":11,"column":36}},"6":{"start":{"line":12,"column":25},"end":{"line":12,"column":62}},"7":{"start":{"line":13,"column":28},"end":{"line":13,"column":68}},"8":{"start":{"line":15,"column":15},"end":{"line":15,"column":35}},"9":{"start":{"line":27,"column":0},"end":{"line":40,"column":3}},"10":{"start":{"line":28,"column":2},"end":{"line":39,"column":3}},"11":{"start":{"line":29,"column":22},"end":{"line":29,"column":69}},"12":{"start":{"line":30,"column":4},"end":{"line":33,"column":5}},"13":{"start":{"line":31,"column":19},"end":{"line":31,"column":53}},"14":{"start":{"line":31,"column":45},"end":{"line":31,"column":52}},"15":{"start":{"line":32,"column":6},"end":{"line":32,"column":38}},"16":{"start":{"line":35,"column":20},"end":{"line":35,"column":50}},"17":{"start":{"line":36,"column":4},"end":{"line":36,"column":45}},"18":{"start":{"line":38,"column":4},"end":{"line":38,"column":21}},"19":{"start":{"line":53,"column":0},"end":{"line":61,"column":3}},"20":{"start":{"line":54,"column":2},"end":{"line":60,"column":3}},"21":{"start":{"line":55,"column":19},"end":{"line":55,"column":28}},"22":{"start":{"line":56,"column":22},"end":{"line":56,"column":51}},"23":{"start":{"line":57,"column":4},"end":{"line":57,"column":35}},"24":{"start":{"line":59,"column":4},"end":{"line":59,"column":21}},"25":{"start":{"line":71,"column":0},"end":{"line":80,"column":3}},"26":{"start":{"line":72,"column":2},"end":{"line":79,"column":3}},"27":{"start":{"line":73,"column":20},"end":{"line":73,"column":56}},"28":{"start":{"line":74,"column":17},"end":{"line":74,"column":49}},"29":{"start":{"line":75,"column":4},"end":{"line":75,"column":24}},"30":{"start":{"line":76,"column":4},"end":{"line":76,"column":33}},"31":{"start":{"line":78,"column":4},"end":{"line":78,"column":21}},"32":{"start":{"line":93,"column":0},"end":{"line":106,"column":3}},"33":{"start":{"line":94,"column":2},"end":{"line":105,"column":3}},"34":{"start":{"line":95,"column":22},"end":{"line":95,"column":72}},"35":{"start":{"line":96,"column":4},"end":{"line":99,"column":5}},"36":{"start":{"line":97,"column":19},"end":{"line":97,"column":53}},"37":{"start":{"line":97,"column":45},"end":{"line":97,"column":52}},"38":{"start":{"line":98,"column":6},"end":{"line":98,"column":38}},"39":{"start":{"line":101,"column":20},"end":{"line":101,"column":69}},"40":{"start":{"line":102,"column":4},"end":{"line":102,"column":33}},"41":{"start":{"line":104,"column":4},"end":{"line":104,"column":21}},"42":{"start":{"line":113,"column":0},"end":{"line":121,"column":3}},"43":{"start":{"line":114,"column":2},"end":{"line":114,"column":30}},"44":{"start":{"line":115,"column":2},"end":{"line":120,"column":3}},"45":{"start":{"line":116,"column":4},"end":{"line":116,"column":44}},"46":{"start":{"line":117,"column":4},"end":{"line":117,"column":52}},"47":{"start":{"line":119,"column":4},"end":{"line":119,"column":21}},"48":{"start":{"line":124,"column":0},"end":{"line":124,"column":24}}},"fnMap":{"0":{"name":"(anonymous_0)","decl":{"start":{"line":27,"column":33},"end":{"line":27,"column":34}},"loc":{"start":{"line":27,"column":65},"end":{"line":40,"column":1}},"line":27},"1":{"name":"(anonymous_1)","decl":{"start":{"line":31,"column":40},"end":{"line":31,"column":41}},"loc":{"start":{"line":31,"column":45},"end":{"line":31,"column":52}},"line":31},"2":{"name":"(anonymous_2)","decl":{"start":{"line":53,"column":16},"end":{"line":53,"column":17}},"loc":{"start":{"line":53,"column":48},"end":{"line":61,"column":1}},"line":53},"3":{"name":"(anonymous_3)","decl":{"start":{"line":71,"column":23},"end":{"line":71,"column":24}},"loc":{"start":{"line":71,"column":55},"end":{"line":80,"column":1}},"line":71},"4":{"name":"(anonymous_4)","decl":{"start":{"line":93,"column":53},"end":{"line":93,"column":54}},"loc":{"start":{"line":93,"column":85},"end":{"line":106,"column":1}},"line":93},"5":{"name":"(anonymous_5)","decl":{"start":{"line":97,"column":40},"end":{"line":97,"column":41}},"loc":{"start":{"line":97,"column":45},"end":{"line":97,"column":52}},"line":97},"6":{"name":"(anonymous_6)","decl":{"start":{"line":113,"column":54},"end":{"line":113,"column":55}},"loc":{"start":{"line":113,"column":86},"end":{"line":121,"column":1}},"line":113}},"branchMap":{"0":{"loc":{"start":{"line":30,"column":4},"end":{"line":33,"column":5}},"type":"if","locations":[{"start":{"line":30,"column":4},"end":{"line":33,"column":5}},{"start":{},"end":{}}],"line":30},"1":{"loc":{"start":{"line":96,"column":4},"end":{"line":99,"column":5}},"type":"if","locations":[{"start":{"line":96,"column":4},"end":{"line":99,"column":5}},{"start":{},"end":{}}],"line":96}},"s":{"0":4,"1":4,"2":4,"3":4,"4":4,"5":4,"6":4,"7":4,"8":4,"9":4,"10":3,"11":3,"12":3,"13":2,"14":3,"15":2,"16":1,"17":1,"18":2,"19":4,"20":2,"21":2,"22":2,"23":1,"24":1,"25":4,"26":3,"27":3,"28":2,"29":2,"30":2,"31":1,"32":4,"33":4,"34":4,"35":4,"36":2,"37":2,"38":2,"39":2,"40":1,"41":3,"42":4,"43":2,"44":2,"45":2,"46":1,"47":1,"48":4},"f":{"0":3,"1":3,"2":2,"3":3,"4":4,"5":2,"6":2},"b":{"0":[2,1],"1":[2,2]},"_coverageSchema":"1a1c01bbd47fc00a2c39e90264f33305004495a9","hash":"942e90a2c7ac720d3ca363728b83f03433c615a8"}
,"/home/eris/Desktop/code/jobly/routes/jobs.js": {"path":"/home/eris/Desktop/code/jobly/routes/jobs.js","statementMap":{"0":{"start":{"line":5,"column":19},"end":{"line":5,"column":40}},"1":{"start":{"line":6,"column":16},"end":{"line":6,"column":34}},"2":{"start":{"line":8,"column":28},"end":{"line":8,"column":54}},"3":{"start":{"line":9,"column":39},"end":{"line":9,"column":68}},"4":{"start":{"line":10,"column":12},"end":{"line":10,"column":36}},"5":{"start":{"line":12,"column":21},"end":{"line":12,"column":54}},"6":{"start":{"line":13,"column":24},"end":{"line":13,"column":60}},"7":{"start":{"line":14,"column":15},"end":{"line":14,"column":35}},"8":{"start":{"line":26,"column":0},"end":{"line":39,"column":3}},"9":{"start":{"line":27,"column":2},"end":{"line":38,"column":3}},"10":{"start":{"line":28,"column":22},"end":{"line":28,"column":65}},"11":{"start":{"line":29,"column":4},"end":{"line":32,"column":5}},"12":{"start":{"line":30,"column":19},"end":{"line":30,"column":53}},"13":{"start":{"line":30,"column":45},"end":{"line":30,"column":52}},"14":{"start":{"line":31,"column":6},"end":{"line":31,"column":38}},"15":{"start":{"line":34,"column":16},"end":{"line":34,"column":42}},"16":{"start":{"line":35,"column":4},"end":{"line":35,"column":41}},"17":{"start":{"line":37,"column":4},"end":{"line":37,"column":21}},"18":{"start":{"line":52,"column":0},"end":{"line":60,"column":3}},"19":{"start":{"line":53,"column":2},"end":{"line":59,"column":3}},"20":{"start":{"line":54,"column":19},"end":{"line":54,"column":28}},"21":{"start":{"line":55,"column":17},"end":{"line":55,"column":42}},"22":{"start":{"line":56,"column":4},"end":{"line":56,"column":30}},"23":{"start":{"line":58,"column":4},"end":{"line":58,"column":21}},"24":{"start":{"line":70,"column":0},"end":{"line":77,"column":3}},"25":{"start":{"line":71,"column":2},"end":{"line":76,"column":3}},"26":{"start":{"line":72,"column":16},"end":{"line":72,"column":48}},"27":{"start":{"line":73,"column":4},"end":{"line":73,"column":29}},"28":{"start":{"line":75,"column":4},"end":{"line":75,"column":21}},"29":{"start":{"line":90,"column":0},"end":{"line":103,"column":3}},"30":{"start":{"line":91,"column":2},"end":{"line":102,"column":3}},"31":{"start":{"line":92,"column":22},"end":{"line":92,"column":68}},"32":{"start":{"line":93,"column":4},"end":{"line":96,"column":5}},"33":{"start":{"line":94,"column":19},"end":{"line":94,"column":53}},"34":{"start":{"line":94,"column":45},"end":{"line":94,"column":52}},"35":{"start":{"line":95,"column":6},"end":{"line":95,"column":38}},"36":{"start":{"line":98,"column":16},"end":{"line":98,"column":57}},"37":{"start":{"line":99,"column":4},"end":{"line":99,"column":29}},"38":{"start":{"line":101,"column":4},"end":{"line":101,"column":21}},"39":{"start":{"line":110,"column":0},"end":{"line":118,"column":3}},"40":{"start":{"line":111,"column":2},"end":{"line":111,"column":30}},"41":{"start":{"line":112,"column":2},"end":{"line":117,"column":3}},"42":{"start":{"line":113,"column":4},"end":{"line":113,"column":40}},"43":{"start":{"line":114,"column":4},"end":{"line":114,"column":52}},"44":{"start":{"line":116,"column":4},"end":{"line":116,"column":21}},"45":{"start":{"line":121,"column":0},"end":{"line":121,"column":24}}},"fnMap":{"0":{"name":"(anonymous_0)","decl":{"start":{"line":26,"column":33},"end":{"line":26,"column":34}},"loc":{"start":{"line":26,"column":65},"end":{"line":39,"column":1}},"line":26},"1":{"name":"(anonymous_1)","decl":{"start":{"line":30,"column":40},"end":{"line":30,"column":41}},"loc":{"start":{"line":30,"column":45},"end":{"line":30,"column":52}},"line":30},"2":{"name":"(anonymous_2)","decl":{"start":{"line":52,"column":16},"end":{"line":52,"column":17}},"loc":{"start":{"line":52,"column":48},"end":{"line":60,"column":1}},"line":52},"3":{"name":"(anonymous_3)","decl":{"start":{"line":70,"column":23},"end":{"line":70,"column":24}},"loc":{"start":{"line":70,"column":55},"end":{"line":77,"column":1}},"line":70},"4":{"name":"(anonymous_4)","decl":{"start":{"line":90,"column":49},"end":{"line":90,"column":50}},"loc":{"start":{"line":90,"column":81},"end":{"line":103,"column":1}},"line":90},"5":{"name":"(anonymous_5)","decl":{"start":{"line":94,"column":40},"end":{"line":94,"column":41}},"loc":{"start":{"line":94,"column":45},"end":{"line":94,"column":52}},"line":94},"6":{"name":"(anonymous_6)","decl":{"start":{"line":110,"column":54},"end":{"line":110,"column":55}},"loc":{"start":{"line":110,"column":86},"end":{"line":118,"column":1}},"line":110}},"branchMap":{"0":{"loc":{"start":{"line":29,"column":4},"end":{"line":32,"column":5}},"type":"if","locations":[{"start":{"line":29,"column":4},"end":{"line":32,"column":5}},{"start":{},"end":{}}],"line":29},"1":{"loc":{"start":{"line":93,"column":4},"end":{"line":96,"column":5}},"type":"if","locations":[{"start":{"line":93,"column":4},"end":{"line":96,"column":5}},{"start":{},"end":{}}],"line":93}},"s":{"0":4,"1":4,"2":4,"3":4,"4":4,"5":4,"6":4,"7":4,"8":4,"9":0,"10":0,"11":0,"12":0,"13":0,"14":0,"15":0,"16":0,"17":0,"18":4,"19":0,"20":0,"21":0,"22":0,"23":0,"24":4,"25":0,"26":0,"27":0,"28":0,"29":4,"30":0,"31":0,"32":0,"33":0,"34":0,"35":0,"36":0,"37":0,"38":0,"39":4,"40":0,"41":0,"42":0,"43":0,"44":0,"45":4},"f":{"0":0,"1":0,"2":0,"3":0,"4":0,"5":0,"6":0},"b":{"0":[0,0],"1":[0,0]},"_coverageSchema":"1a1c01bbd47fc00a2c39e90264f33305004495a9","hash":"68aef8b7bad10d405da453493ddd9649ed41ffb0"}
,"/home/eris/Desktop/code/jobly/routes/users.js": {"path":"/home/eris/Desktop/code/jobly/routes/users.js","statementMap":{"0":{"start":{"line":5,"column":19},"end":{"line":5,"column":40}},"1":{"start":{"line":7,"column":16},"end":{"line":7,"column":34}},"2":{"start":{"line":8,"column":58},"end":{"line":8,"column":87}},"3":{"start":{"line":9,"column":43},"end":{"line":9,"column":69}},"4":{"start":{"line":10,"column":13},"end":{"line":10,"column":38}},"5":{"start":{"line":11,"column":24},"end":{"line":11,"column":52}},"6":{"start":{"line":12,"column":22},"end":{"line":12,"column":56}},"7":{"start":{"line":13,"column":25},"end":{"line":13,"column":62}},"8":{"start":{"line":15,"column":15},"end":{"line":15,"column":31}},"9":{"start":{"line":30,"column":0},"end":{"line":44,"column":3}},"10":{"start":{"line":31,"column":2},"end":{"line":43,"column":3}},"11":{"start":{"line":32,"column":22},"end":{"line":32,"column":66}},"12":{"start":{"line":33,"column":4},"end":{"line":36,"column":5}},"13":{"start":{"line":34,"column":19},"end":{"line":34,"column":53}},"14":{"start":{"line":34,"column":45},"end":{"line":34,"column":52}},"15":{"start":{"line":35,"column":6},"end":{"line":35,"column":38}},"16":{"start":{"line":38,"column":17},"end":{"line":38,"column":46}},"17":{"start":{"line":39,"column":18},"end":{"line":39,"column":35}},"18":{"start":{"line":40,"column":4},"end":{"line":40,"column":49}},"19":{"start":{"line":42,"column":4},"end":{"line":42,"column":21}},"20":{"start":{"line":54,"column":0},"end":{"line":61,"column":3}},"21":{"start":{"line":55,"column":2},"end":{"line":60,"column":3}},"22":{"start":{"line":56,"column":18},"end":{"line":56,"column":38}},"23":{"start":{"line":57,"column":4},"end":{"line":57,"column":31}},"24":{"start":{"line":59,"column":4},"end":{"line":59,"column":21}},"25":{"start":{"line":71,"column":0},"end":{"line":78,"column":3}},"26":{"start":{"line":72,"column":2},"end":{"line":77,"column":3}},"27":{"start":{"line":73,"column":17},"end":{"line":73,"column":52}},"28":{"start":{"line":74,"column":4},"end":{"line":74,"column":30}},"29":{"start":{"line":76,"column":4},"end":{"line":76,"column":21}},"30":{"start":{"line":91,"column":0},"end":{"line":104,"column":3}},"31":{"start":{"line":92,"column":2},"end":{"line":103,"column":3}},"32":{"start":{"line":93,"column":22},"end":{"line":93,"column":69}},"33":{"start":{"line":94,"column":4},"end":{"line":97,"column":5}},"34":{"start":{"line":95,"column":19},"end":{"line":95,"column":53}},"35":{"start":{"line":95,"column":45},"end":{"line":95,"column":52}},"36":{"start":{"line":96,"column":6},"end":{"line":96,"column":38}},"37":{"start":{"line":99,"column":17},"end":{"line":99,"column":65}},"38":{"start":{"line":100,"column":4},"end":{"line":100,"column":30}},"39":{"start":{"line":102,"column":4},"end":{"line":102,"column":21}},"40":{"start":{"line":107,"column":0},"end":{"line":117,"column":3}},"41":{"start":{"line":108,"column":2},"end":{"line":116,"column":3}},"42":{"start":{"line":109,"column":4},"end":{"line":111,"column":5}},"43":{"start":{"line":110,"column":6},"end":{"line":110,"column":43}},"44":{"start":{"line":112,"column":16},"end":{"line":112,"column":71}},"45":{"start":{"line":113,"column":4},"end":{"line":113,"column":45}},"46":{"start":{"line":115,"column":4},"end":{"line":115,"column":21}},"47":{"start":{"line":124,"column":0},"end":{"line":131,"column":3}},"48":{"start":{"line":125,"column":2},"end":{"line":130,"column":3}},"49":{"start":{"line":126,"column":4},"end":{"line":126,"column":43}},"50":{"start":{"line":127,"column":4},"end":{"line":127,"column":54}},"51":{"start":{"line":129,"column":4},"end":{"line":129,"column":21}},"52":{"start":{"line":134,"column":0},"end":{"line":134,"column":24}}},"fnMap":{"0":{"name":"(anonymous_0)","decl":{"start":{"line":30,"column":33},"end":{"line":30,"column":34}},"loc":{"start":{"line":30,"column":65},"end":{"line":44,"column":1}},"line":30},"1":{"name":"(anonymous_1)","decl":{"start":{"line":34,"column":40},"end":{"line":34,"column":41}},"loc":{"start":{"line":34,"column":45},"end":{"line":34,"column":52}},"line":34},"2":{"name":"(anonymous_2)","decl":{"start":{"line":54,"column":44},"end":{"line":54,"column":45}},"loc":{"start":{"line":54,"column":76},"end":{"line":61,"column":1}},"line":54},"3":{"name":"(anonymous_3)","decl":{"start":{"line":71,"column":41},"end":{"line":71,"column":42}},"loc":{"start":{"line":71,"column":73},"end":{"line":78,"column":1}},"line":71},"4":{"name":"(anonymous_4)","decl":{"start":{"line":91,"column":61},"end":{"line":91,"column":62}},"loc":{"start":{"line":91,"column":93},"end":{"line":104,"column":1}},"line":91},"5":{"name":"(anonymous_5)","decl":{"start":{"line":95,"column":40},"end":{"line":95,"column":41}},"loc":{"start":{"line":95,"column":45},"end":{"line":95,"column":52}},"line":95},"6":{"name":"(anonymous_6)","decl":{"start":{"line":107,"column":51},"end":{"line":107,"column":52}},"loc":{"start":{"line":107,"column":83},"end":{"line":117,"column":1}},"line":107},"7":{"name":"(anonymous_7)","decl":{"start":{"line":124,"column":63},"end":{"line":124,"column":64}},"loc":{"start":{"line":124,"column":95},"end":{"line":131,"column":1}},"line":124}},"branchMap":{"0":{"loc":{"start":{"line":33,"column":4},"end":{"line":36,"column":5}},"type":"if","locations":[{"start":{"line":33,"column":4},"end":{"line":36,"column":5}},{"start":{},"end":{}}],"line":33},"1":{"loc":{"start":{"line":94,"column":4},"end":{"line":97,"column":5}},"type":"if","locations":[{"start":{"line":94,"column":4},"end":{"line":97,"column":5}},{"start":{},"end":{}}],"line":94},"2":{"loc":{"start":{"line":109,"column":4},"end":{"line":111,"column":5}},"type":"if","locations":[{"start":{"line":109,"column":4},"end":{"line":111,"column":5}},{"start":{},"end":{}}],"line":109},"3":{"loc":{"start":{"line":109,"column":8},"end":{"line":109,"column":90}},"type":"binary-expr","locations":[{"start":{"line":109,"column":8},"end":{"line":109,"column":55}},{"start":{"line":109,"column":59},"end":{"line":109,"column":90}}],"line":109}},"s":{"0":4,"1":4,"2":4,"3":4,"4":4,"5":4,"6":4,"7":4,"8":4,"9":4,"10":4,"11":4,"12":4,"13":2,"14":5,"15":2,"16":2,"17":2,"18":2,"19":2,"20":4,"21":2,"22":2,"23":1,"24":1,"25":4,"26":2,"27":2,"28":1,"29":1,"30":4,"31":3,"32":3,"33":3,"34":1,"35":1,"36":1,"37":2,"38":2,"39":1,"40":4,"41":0,"42":0,"43":0,"44":0,"45":0,"46":0,"47":4,"48":1,"49":1,"50":1,"51":0,"52":4},"f":{"0":4,"1":5,"2":2,"3":2,"4":3,"5":1,"6":0,"7":1},"b":{"0":[2,2],"1":[1,2],"2":[0,0],"3":[0,0]},"_coverageSchema":"1a1c01bbd47fc00a2c39e90264f33305004495a9","hash":"4f0622df29a2b726a32fedbc66d57df545ea3e03"}
}
