TN:
SF:app.js
FN:32,(anonymous_0)
FN:37,(anonymous_1)
FNF:2
FNH:2
FNDA:2,(anonymous_0)
FNDA:32,(anonymous_1)
DA:5,5
DA:6,5
DA:8,5
DA:10,5
DA:11,5
DA:12,5
DA:13,5
DA:14,5
DA:16,5
DA:18,5
DA:20,5
DA:21,5
DA:22,5
DA:23,5
DA:25,5
DA:26,5
DA:27,5
DA:28,5
DA:32,5
DA:33,2
DA:37,5
DA:38,32
DA:39,32
DA:40,32
DA:42,32
DA:47,5
LF:26
LH:26
BRDA:38,0,0,1
BRDA:38,0,1,31
BRDA:39,1,0,32
BRDA:39,1,1,2
BRF:4
BRH:4
end_of_record
TN:
SF:config.js
FN:13,getDatabaseUri
FNF:1
FNH:1
FNDA:22,getDatabaseUri
DA:5,11
DA:6,11
DA:8,11
DA:10,11
DA:14,22
DA:22,11
DA:24,11
DA:25,11
DA:26,11
DA:27,11
DA:28,11
DA:29,11
DA:31,11
LF:13
LH:13
BRDA:8,0,0,11
BRDA:8,0,1,10
BRDA:10,1,0,11
BRDA:10,1,1,10
BRDA:14,2,0,19
BRDA:14,2,1,3
BRDA:16,3,0,3
BRDA:16,3,1,1
BRDA:22,4,0,10
BRDA:22,4,1,1
BRF:10
BRH:10
end_of_record
TN:
SF:db.js
FNF:0
FNH:0
DA:3,8
DA:4,8
DA:8,8
DA:9,0
DA:16,8
DA:21,8
DA:23,8
LF:7
LH:6
BRDA:8,0,0,0
BRDA:8,0,1,8
BRF:2
BRH:1
end_of_record
TN:
SF:expressError.js
FN:8,(anonymous_0)
FN:18,(anonymous_1)
FN:26,(anonymous_2)
FN:34,(anonymous_3)
FN:42,(anonymous_4)
FNF:5
FNH:4
FNDA:48,(anonymous_0)
FNDA:17,(anonymous_1)
FNDA:14,(anonymous_2)
FNDA:17,(anonymous_3)
FNDA:0,(anonymous_4)
DA:9,48
DA:10,48
DA:11,48
DA:19,17
DA:27,14
DA:35,17
DA:43,0
DA:47,9
LF:8
LH:7
BRDA:18,0,0,2
BRDA:26,1,0,10
BRDA:34,2,0,0
BRDA:42,3,0,0
BRF:4
BRH:2
end_of_record
TN:
SF:helpers/sql.js
FN:5,sqlForPartialUpdate
FN:10,(anonymous_1)
FNF:2
FNH:2
FNDA:16,sqlForPartialUpdate
FNDA:29,(anonymous_1)
DA:1,8
DA:6,16
DA:7,16
DA:10,13
DA:11,29
DA:14,13
DA:20,8
LF:7
LH:7
BRDA:7,0,0,3
BRDA:7,0,1,13
BRDA:11,1,0,29
BRDA:11,1,1,11
BRF:4
BRH:4
end_of_record
TN:
SF:helpers/tokens.js
FN:6,createToken
FNF:1
FNH:1
FNDA:15,createToken
DA:1,6
DA:2,6
DA:7,15
DA:10,15
DA:15,15
DA:18,6
LF:6
LH:6
BRDA:12,0,0,15
BRDA:12,0,1,9
BRF:2
BRH:2
end_of_record
TN:
SF:middleware/auth.js
FN:18,authenticateJWT
FN:36,ensureLoggedIn
FN:45,checkUserorAdmin
FN:55,checkAdmin
FNF:4
FNH:4
FNDA:49,authenticateJWT
FNDA:33,ensureLoggedIn
FNDA:6,checkUserorAdmin
FNDA:8,checkAdmin
DA:5,6
DA:6,6
DA:7,6
DA:19,49
DA:20,49
DA:21,49
DA:22,27
DA:23,27
DA:25,48
DA:27,1
DA:37,33
DA:38,33
DA:39,25
DA:41,8
DA:46,6
DA:47,6
DA:48,2
DA:50,4
DA:52,2
DA:56,8
DA:57,8
DA:58,0
DA:60,8
DA:62,0
DA:65,6
LF:25
LH:23
BRDA:20,0,0,49
BRDA:20,0,1,48
BRDA:21,1,0,27
BRDA:21,1,1,22
BRDA:38,2,0,8
BRDA:38,2,1,25
BRDA:47,3,0,2
BRDA:47,3,1,4
BRDA:47,4,0,6
BRDA:47,4,1,2
BRDA:57,5,0,0
BRDA:57,5,1,8
BRF:12
BRH:11
end_of_record
TN:
SF:models/_testCommon.js
FN:6,commonBeforeAll
FN:38,commonBeforeEach
FN:42,commonAfterEach
FN:46,commonAfterAll
FNF:4
FNH:4
FNDA:3,commonBeforeAll
FNDA:37,commonBeforeEach
FNDA:37,commonAfterEach
FNDA:3,commonAfterAll
DA:1,3
DA:3,3
DA:4,3
DA:8,3
DA:10,3
DA:12,3
DA:18,3
DA:31,3
DA:39,37
DA:43,37
DA:47,3
DA:51,3
LF:12
LH:12
BRF:0
BRH:0
end_of_record
TN:
SF:models/company.js
FN:19,(anonymous_0)
FN:48,(anonymous_1)
FN:60,(anonymous_2)
FN:65,(anonymous_3)
FN:70,(anonymous_4)
FN:85,(anonymous_5)
FN:116,(anonymous_6)
FN:144,(anonymous_7)
FNF:8
FNH:5
FNDA:16,(anonymous_0)
FNDA:3,(anonymous_1)
FNDA:0,(anonymous_2)
FNDA:0,(anonymous_3)
FNDA:0,(anonymous_4)
FNDA:5,(anonymous_5)
FNDA:6,(anonymous_6)
FNDA:4,(anonymous_7)
DA:3,6
DA:4,6
DA:5,6
DA:20,16
DA:27,16
DA:28,1
DA:30,15
DA:37,15
DA:39,15
DA:49,3
DA:57,2
DA:59,2
DA:60,0
DA:61,0
DA:64,2
DA:65,0
DA:66,0
DA:69,2
DA:70,0
DA:71,0
DA:74,2
DA:86,5
DA:97,5
DA:99,5
DA:101,3
DA:117,6
DA:121,5
DA:123,5
DA:131,5
DA:132,5
DA:134,5
DA:136,3
DA:145,4
DA:152,4
DA:154,4
DA:158,6
LF:36
LH:30
BRDA:27,0,0,1
BRDA:27,0,1,15
BRDA:48,1,0,1
BRDA:59,2,0,0
BRDA:59,2,1,2
BRDA:61,3,0,0
BRDA:61,3,1,0
BRDA:64,4,0,0
BRDA:64,4,1,2
BRDA:66,5,0,0
BRDA:66,5,1,0
BRDA:69,6,0,0
BRDA:69,6,1,2
BRDA:71,7,0,0
BRDA:71,7,1,0
BRDA:99,8,0,2
BRDA:99,8,1,3
BRDA:134,9,0,2
BRDA:134,9,1,3
BRDA:154,10,0,2
BRDA:154,10,1,2
BRF:21
BRH:12
end_of_record
TN:
SF:models/job.js
FN:19,(anonymous_0)
FN:47,(anonymous_1)
FN:55,(anonymous_2)
FN:60,(anonymous_3)
FN:65,(anonymous_4)
FN:80,(anonymous_5)
FN:107,(anonymous_6)
FN:133,(anonymous_7)
FNF:8
FNH:5
FNDA:4,(anonymous_0)
FNDA:1,(anonymous_1)
FNDA:0,(anonymous_2)
FNDA:0,(anonymous_3)
FNDA:0,(anonymous_4)
FNDA:4,(anonymous_5)
FNDA:4,(anonymous_6)
FNDA:2,(anonymous_7)
DA:3,6
DA:4,6
DA:5,6
DA:20,4
DA:27,4
DA:29,3
DA:36,3
DA:38,3
DA:48,1
DA:52,1
DA:54,1
DA:55,0
DA:56,0
DA:59,1
DA:60,0
DA:61,0
DA:64,1
DA:65,0
DA:66,0
DA:69,1
DA:81,4
DA:88,4
DA:90,4
DA:92,1
DA:108,4
DA:113,3
DA:115,3
DA:120,3
DA:121,3
DA:123,3
DA:125,2
DA:134,2
DA:141,2
DA:143,2
DA:147,6
LF:35
LH:29
BRDA:27,0,0,1
BRDA:27,0,1,3
BRDA:47,1,0,1
BRDA:54,2,0,0
BRDA:54,2,1,1
BRDA:56,3,0,0
BRDA:56,3,1,0
BRDA:59,4,0,0
BRDA:59,4,1,1
BRDA:61,5,0,0
BRDA:61,5,1,0
BRDA:64,6,0,0
BRDA:64,6,1,1
BRDA:66,7,0,0
BRDA:66,7,1,0
BRDA:90,8,0,3
BRDA:90,8,1,1
BRDA:92,9,0,1
BRDA:92,9,1,0
BRDA:123,10,0,1
BRDA:123,10,1,2
BRDA:143,11,0,1
BRDA:143,11,1,1
BRF:23
BRH:13
end_of_record
TN:
SF:models/user.js
FN:24,(anonymous_0)
FN:59,(anonymous_1)
FN:104,(anonymous_2)
FN:126,(anonymous_3)
FN:164,(anonymous_4)
FN:197,(anonymous_5)
FN:210,(anonymous_6)
FNF:7
FNH:6
FNDA:7,(anonymous_0)
FNDA:19,(anonymous_1)
FNDA:3,(anonymous_2)
FNDA:4,(anonymous_3)
FNDA:6,(anonymous_4)
FNDA:3,(anonymous_5)
FNDA:0,(anonymous_6)
DA:3,6
DA:4,6
DA:5,6
DA:10,6
DA:12,6
DA:26,7
DA:38,7
DA:40,7
DA:42,4
DA:43,4
DA:44,3
DA:45,3
DA:49,4
DA:61,19
DA:68,19
DA:69,1
DA:72,18
DA:74,18
DA:94,18
DA:96,18
DA:105,3
DA:115,2
DA:127,4
DA:137,4
DA:139,4
DA:140,4
DA:141,2
DA:142,2
DA:144,2
DA:165,6
DA:166,2
DA:169,6
DA:176,5
DA:178,5
DA:186,5
DA:187,5
DA:189,5
DA:191,4
DA:192,4
DA:198,3
DA:205,3
DA:207,3
DA:211,0
DA:214,0
DA:219,6
LF:45
LH:43
BRDA:40,0,0,4
BRDA:40,0,1,3
BRDA:43,1,0,3
BRDA:43,1,1,1
BRDA:68,2,0,1
BRDA:68,2,1,18
BRDA:139,3,0,4
BRDA:139,3,1,2
BRDA:140,4,0,2
BRDA:140,4,1,2
BRDA:141,5,0,2
BRDA:141,5,1,0
BRDA:165,6,0,2
BRDA:165,6,1,4
BRDA:189,7,0,1
BRDA:189,7,1,4
BRDA:207,8,0,1
BRDA:207,8,1,2
BRF:18
BRH:17
end_of_record
TN:
SF:routes/_testCommon.js
FN:8,commonBeforeAll
FN:65,commonBeforeEach
FN:69,commonAfterEach
FN:73,commonAfterAll
FNF:4
FNH:4
FNDA:4,commonBeforeAll
FNDA:44,commonBeforeEach
FNDA:44,commonAfterEach
FNDA:4,commonAfterAll
DA:3,4
DA:4,4
DA:5,4
DA:6,4
DA:10,4
DA:12,4
DA:14,4
DA:22,4
DA:30,4
DA:39,4
DA:47,4
DA:55,4
DA:66,44
DA:70,44
DA:74,4
DA:78,4
DA:79,4
DA:81,4
LF:18
LH:18
BRF:0
BRH:0
end_of_record
TN:
SF:routes/auth.js
FN:22,(anonymous_0)
FN:26,(anonymous_1)
FN:49,(anonymous_2)
FN:53,(anonymous_3)
FNF:4
FNH:4
FNDA:5,(anonymous_0)
FNDA:2,(anonymous_1)
FNDA:3,(anonymous_2)
FNDA:5,(anonymous_3)
DA:5,5
DA:7,5
DA:8,5
DA:9,5
DA:10,5
DA:11,5
DA:12,5
DA:13,5
DA:22,5
DA:23,5
DA:24,5
DA:25,5
DA:26,2
DA:27,2
DA:30,3
DA:31,3
DA:32,1
DA:33,1
DA:35,4
DA:49,5
DA:50,3
DA:51,3
DA:52,3
DA:53,5
DA:54,2
DA:57,1
DA:58,1
DA:59,1
DA:61,2
DA:66,5
LF:30
LH:30
BRDA:25,0,0,2
BRDA:25,0,1,3
BRDA:52,1,0,2
BRDA:52,1,1,1
BRF:4
BRH:4
end_of_record
TN:
SF:routes/companies.js
FN:27,(anonymous_0)
FN:31,(anonymous_1)
FN:53,(anonymous_2)
FN:71,(anonymous_3)
FN:93,(anonymous_4)
FN:97,(anonymous_5)
FN:113,(anonymous_6)
FNF:7
FNH:7
FNDA:3,(anonymous_0)
FNDA:3,(anonymous_1)
FNDA:2,(anonymous_2)
FNDA:3,(anonymous_3)
FNDA:4,(anonymous_4)
FNDA:2,(anonymous_5)
FNDA:2,(anonymous_6)
DA:5,5
DA:6,5
DA:8,5
DA:9,5
DA:10,5
DA:11,5
DA:12,5
DA:13,5
DA:15,5
DA:27,5
DA:28,3
DA:29,3
DA:30,3
DA:31,3
DA:32,2
DA:35,1
DA:36,1
DA:38,2
DA:53,5
DA:54,2
DA:55,2
DA:56,2
DA:57,1
DA:59,1
DA:71,5
DA:72,3
DA:73,3
DA:74,2
DA:75,0
DA:76,0
DA:78,3
DA:93,5
DA:94,4
DA:95,4
DA:96,4
DA:97,2
DA:98,2
DA:101,2
DA:102,1
DA:104,3
DA:113,5
DA:114,2
DA:115,2
DA:116,2
DA:117,1
DA:119,1
DA:124,5
LF:47
LH:45
BRDA:30,0,0,2
BRDA:30,0,1,1
BRDA:96,1,0,2
BRDA:96,1,1,2
BRF:4
BRH:4
end_of_record
TN:
SF:routes/jobs.js
FN:26,(anonymous_0)
FN:30,(anonymous_1)
FN:52,(anonymous_2)
FN:70,(anonymous_3)
FN:90,(anonymous_4)
FN:94,(anonymous_5)
FN:110,(anonymous_6)
FNF:7
FNH:1
FNDA:1,(anonymous_0)
FNDA:0,(anonymous_1)
FNDA:0,(anonymous_2)
FNDA:0,(anonymous_3)
FNDA:0,(anonymous_4)
FNDA:0,(anonymous_5)
FNDA:0,(anonymous_6)
DA:5,5
DA:6,5
DA:8,5
DA:9,5
DA:10,5
DA:12,5
DA:13,5
DA:14,5
DA:26,5
DA:27,1
DA:28,1
DA:29,1
DA:30,0
DA:31,0
DA:34,1
DA:35,1
DA:37,0
DA:52,5
DA:53,0
DA:54,0
DA:55,0
DA:56,0
DA:58,0
DA:70,5
DA:71,0
DA:72,0
DA:73,0
DA:75,0
DA:90,5
DA:91,0
DA:92,0
DA:93,0
DA:94,0
DA:95,0
DA:98,0
DA:99,0
DA:101,0
DA:110,5
DA:111,0
DA:112,0
DA:113,0
DA:114,0
DA:116,0
DA:121,5
LF:44
LH:19
BRDA:29,0,0,0
BRDA:29,0,1,1
BRDA:93,1,0,0
BRDA:93,1,1,0
BRF:4
BRH:1
end_of_record
TN:
SF:routes/users.js
FN:30,(anonymous_0)
FN:34,(anonymous_1)
FN:54,(anonymous_2)
FN:71,(anonymous_3)
FN:91,(anonymous_4)
FN:95,(anonymous_5)
FN:107,(anonymous_6)
FN:124,(anonymous_7)
FNF:8
FNH:7
FNDA:4,(anonymous_0)
FNDA:5,(anonymous_1)
FNDA:2,(anonymous_2)
FNDA:2,(anonymous_3)
FNDA:3,(anonymous_4)
FNDA:1,(anonymous_5)
FNDA:0,(anonymous_6)
FNDA:1,(anonymous_7)
DA:5,5
DA:7,5
DA:8,5
DA:9,5
DA:10,5
DA:11,5
DA:12,5
DA:13,5
DA:15,5
DA:30,5
DA:31,4
DA:32,4
DA:33,4
DA:34,5
DA:35,2
DA:38,2
DA:39,2
DA:40,2
DA:42,2
DA:54,5
DA:55,2
DA:56,2
DA:57,1
DA:59,1
DA:71,5
DA:72,2
DA:73,2
DA:74,1
DA:76,1
DA:91,5
DA:92,3
DA:93,3
DA:94,3
DA:95,1
DA:96,1
DA:99,2
DA:100,2
DA:102,1
DA:107,5
DA:108,0
DA:109,0
DA:110,0
DA:112,0
DA:113,0
DA:115,0
DA:124,5
DA:125,1
DA:126,1
DA:127,1
DA:129,0
DA:134,5
LF:51
LH:44
BRDA:33,0,0,2
BRDA:33,0,1,2
BRDA:94,1,0,1
BRDA:94,1,1,2
BRDA:109,2,0,0
BRDA:109,2,1,0
BRDA:109,3,0,0
BRDA:109,3,1,0
BRF:8
BRH:4
end_of_record
