TN:
SF:app.js
FN:32,(anonymous_0)
FN:37,(anonymous_1)
FNF:2
FNH:2
FNDA:2,(anonymous_0)
FNDA:30,(anonymous_1)
DA:5,4
DA:6,4
DA:8,4
DA:10,4
DA:11,4
DA:12,4
DA:13,4
DA:14,4
DA:16,4
DA:18,4
DA:20,4
DA:21,4
DA:22,4
DA:23,4
DA:25,4
DA:26,4
DA:27,4
DA:28,4
DA:32,4
DA:33,2
DA:37,4
DA:38,30
DA:39,30
DA:40,30
DA:42,30
DA:47,4
LF:26
LH:26
BRDA:38,0,0,1
BRDA:38,0,1,29
BRDA:39,1,0,30
BRDA:39,1,1,2
BRF:4
BRH:4
end_of_record
TN:
SF:config.js
FN:13,getDatabaseUri
FNF:1
FNH:1
FNDA:20,getDatabaseUri
DA:5,10
DA:6,10
DA:8,10
DA:10,10
DA:14,20
DA:22,10
DA:24,10
DA:25,10
DA:26,10
DA:27,10
DA:28,10
DA:29,10
DA:31,10
LF:13
LH:13
BRDA:8,0,0,10
BRDA:8,0,1,9
BRDA:10,1,0,10
BRDA:10,1,1,9
BRDA:14,2,0,17
BRDA:14,2,1,3
BRDA:16,3,0,3
BRDA:16,3,1,1
BRDA:22,4,0,9
BRDA:22,4,1,1
BRF:10
BRH:10
end_of_record
TN:
SF:db.js
FNF:0
FNH:0
DA:3,7
DA:4,7
DA:8,7
DA:9,0
DA:16,7
DA:21,7
DA:23,7
LF:7
LH:6
BRDA:8,0,0,0
BRDA:8,0,1,7
BRF:2
BRH:1
end_of_record
TN:
SF:expressError.js
FN:8,(anonymous_0)
FN:18,(anonymous_1)
FN:26,(anonymous_2)
FN:34,(anonymous_3)
FN:42,(anonymous_4)
FNF:5
FNH:4
FNDA:46,(anonymous_0)
FNDA:15,(anonymous_1)
FNDA:14,(anonymous_2)
FNDA:17,(anonymous_3)
FNDA:0,(anonymous_4)
DA:9,46
DA:10,46
DA:11,46
DA:19,15
DA:27,14
DA:35,17
DA:43,0
DA:47,8
LF:8
LH:7
BRDA:18,0,0,2
BRDA:26,1,0,10
BRDA:34,2,0,0
BRDA:42,3,0,0
BRF:4
BRH:2
end_of_record
TN:
SF:helpers/sql.js
FN:5,sqlForPartialUpdate
FN:10,(anonymous_1)
FNF:2
FNH:2
FNDA:16,sqlForPartialUpdate
FNDA:34,(anonymous_1)
DA:1,7
DA:6,16
DA:7,16
DA:10,13
DA:11,34
DA:14,13
DA:20,7
LF:7
LH:7
BRDA:7,0,0,3
BRDA:7,0,1,13
BRDA:11,1,0,34
BRDA:11,1,1,17
BRF:4
BRH:4
end_of_record
TN:
SF:helpers/tokens.js
FN:6,createToken
FNF:1
FNH:1
FNDA:13,createToken
DA:1,5
DA:2,5
DA:7,13
DA:10,13
DA:15,13
DA:18,5
LF:6
LH:6
BRDA:12,0,0,13
BRDA:12,0,1,8
BRF:2
BRH:2
end_of_record
TN:
SF:middleware/auth.js
FN:18,authenticateJWT
FN:36,ensureLoggedIn
FN:45,checkUserorAdmin
FN:55,checkAdmin
FNF:4
FNH:4
FNDA:48,authenticateJWT
FNDA:32,ensureLoggedIn
FNDA:6,checkUserorAdmin
FNDA:8,checkAdmin
DA:5,5
DA:6,5
DA:7,5
DA:19,48
DA:20,48
DA:21,48
DA:22,26
DA:23,26
DA:25,47
DA:27,1
DA:37,32
DA:38,32
DA:39,24
DA:41,8
DA:46,6
DA:47,6
DA:48,2
DA:50,4
DA:52,2
DA:56,8
DA:57,8
DA:58,0
DA:60,8
DA:62,0
DA:65,5
LF:25
LH:23
BRDA:20,0,0,48
BRDA:20,0,1,47
BRDA:21,1,0,26
BRDA:21,1,1,22
BRDA:38,2,0,8
BRDA:38,2,1,24
BRDA:47,3,0,2
BRDA:47,3,1,4
BRDA:47,4,0,6
BRDA:47,4,1,2
BRDA:57,5,0,0
BRDA:57,5,1,8
BRF:12
BRH:11
end_of_record
TN:
SF:models/_testCommon.js
FN:6,commonBeforeAll
FN:38,commonBeforeEach
FN:42,commonAfterEach
FN:46,commonAfterAll
FNF:4
FNH:4
FNDA:3,commonBeforeAll
FNDA:37,commonBeforeEach
FNDA:37,commonAfterEach
FNDA:3,commonAfterAll
DA:1,3
DA:3,3
DA:4,3
DA:8,3
DA:10,3
DA:12,3
DA:18,3
DA:31,3
DA:39,37
DA:43,37
DA:47,3
DA:51,3
LF:12
LH:12
BRF:0
BRH:0
end_of_record
TN:
SF:models/company.js
FN:19,(anonymous_0)
FN:48,(anonymous_1)
FN:60,(anonymous_2)
FN:65,(anonymous_3)
FN:70,(anonymous_4)
FN:85,(anonymous_5)
FN:116,(anonymous_6)
FN:144,(anonymous_7)
FNF:8
FNH:5
FNDA:16,(anonymous_0)
FNDA:4,(anonymous_1)
FNDA:0,(anonymous_2)
FNDA:0,(anonymous_3)
FNDA:0,(anonymous_4)
FNDA:7,(anonymous_5)
FNDA:10,(anonymous_6)
FNDA:6,(anonymous_7)
DA:3,6
DA:4,6
DA:5,6
DA:20,16
DA:27,16
DA:28,2
DA:30,14
DA:37,14
DA:39,14
DA:49,4
DA:57,3
DA:59,3
DA:60,0
DA:61,0
DA:64,3
DA:65,0
DA:66,0
DA:69,3
DA:70,0
DA:71,0
DA:74,3
DA:86,7
DA:97,7
DA:99,7
DA:101,4
DA:117,10
DA:121,8
DA:123,8
DA:131,8
DA:132,8
DA:134,8
DA:136,5
DA:145,6
DA:152,6
DA:154,6
DA:158,6
LF:36
LH:30
BRDA:27,0,0,2
BRDA:27,0,1,14
BRDA:48,1,0,2
BRDA:59,2,0,0
BRDA:59,2,1,3
BRDA:61,3,0,0
BRDA:61,3,1,0
BRDA:64,4,0,0
BRDA:64,4,1,3
BRDA:66,5,0,0
BRDA:66,5,1,0
BRDA:69,6,0,0
BRDA:69,6,1,3
BRDA:71,7,0,0
BRDA:71,7,1,0
BRDA:99,8,0,3
BRDA:99,8,1,4
BRDA:134,9,0,3
BRDA:134,9,1,5
BRDA:154,10,0,3
BRDA:154,10,1,3
BRF:21
BRH:12
end_of_record
TN:
SF:models/job.js
FN:19,(anonymous_0)
FN:48,(anonymous_1)
FN:56,(anonymous_2)
FN:61,(anonymous_3)
FN:66,(anonymous_4)
FN:81,(anonymous_5)
FN:108,(anonymous_6)
FN:134,(anonymous_7)
FNF:8
FNH:1
FNDA:0,(anonymous_0)
FNDA:0,(anonymous_1)
FNDA:0,(anonymous_2)
FNDA:0,(anonymous_3)
FNDA:0,(anonymous_4)
FNDA:2,(anonymous_5)
FNDA:0,(anonymous_6)
FNDA:0,(anonymous_7)
DA:3,4
DA:4,4
DA:5,4
DA:20,0
DA:27,0
DA:28,0
DA:30,0
DA:37,0
DA:39,0
DA:49,0
DA:53,0
DA:55,0
DA:56,0
DA:57,0
DA:60,0
DA:61,0
DA:62,0
DA:65,0
DA:66,0
DA:67,0
DA:70,0
DA:82,2
DA:89,2
DA:93,2
DA:109,0
DA:114,0
DA:116,0
DA:121,0
DA:122,0
DA:124,0
DA:126,0
DA:135,0
DA:142,0
DA:144,0
DA:148,4
LF:35
LH:7
BRDA:27,0,0,0
BRDA:27,0,1,0
BRDA:55,1,0,0
BRDA:55,1,1,0
BRDA:57,2,0,0
BRDA:57,2,1,0
BRDA:60,3,0,0
BRDA:60,3,1,0
BRDA:62,4,0,0
BRDA:62,4,1,0
BRDA:65,5,0,0
BRDA:65,5,1,0
BRDA:67,6,0,0
BRDA:67,6,1,0
BRDA:93,7,0,2
BRDA:93,7,1,2
BRDA:124,8,0,0
BRDA:124,8,1,0
BRDA:144,9,0,0
BRDA:144,9,1,0
BRF:20
BRH:2
end_of_record
TN:
SF:models/user.js
FN:24,(anonymous_0)
FN:59,(anonymous_1)
FN:104,(anonymous_2)
FN:126,(anonymous_3)
FN:164,(anonymous_4)
FN:197,(anonymous_5)
FN:210,(anonymous_6)
FNF:7
FNH:6
FNDA:7,(anonymous_0)
FNDA:16,(anonymous_1)
FNDA:3,(anonymous_2)
FNDA:4,(anonymous_3)
FNDA:6,(anonymous_4)
FNDA:3,(anonymous_5)
FNDA:0,(anonymous_6)
DA:3,5
DA:4,5
DA:5,5
DA:10,5
DA:12,5
DA:26,7
DA:38,7
DA:40,7
DA:42,4
DA:43,4
DA:44,3
DA:45,3
DA:49,4
DA:61,16
DA:68,16
DA:69,1
DA:72,15
DA:74,15
DA:94,15
DA:96,15
DA:105,3
DA:115,2
DA:127,4
DA:137,4
DA:139,4
DA:140,4
DA:141,2
DA:142,2
DA:144,2
DA:165,6
DA:166,2
DA:169,6
DA:176,5
DA:178,5
DA:186,5
DA:187,5
DA:189,5
DA:191,4
DA:192,4
DA:198,3
DA:205,3
DA:207,3
DA:211,0
DA:214,0
DA:219,5
LF:45
LH:43
BRDA:40,0,0,4
BRDA:40,0,1,3
BRDA:43,1,0,3
BRDA:43,1,1,1
BRDA:68,2,0,1
BRDA:68,2,1,15
BRDA:139,3,0,4
BRDA:139,3,1,2
BRDA:140,4,0,2
BRDA:140,4,1,2
BRDA:141,5,0,2
BRDA:141,5,1,0
BRDA:165,6,0,2
BRDA:165,6,1,4
BRDA:189,7,0,1
BRDA:189,7,1,4
BRDA:207,8,0,1
BRDA:207,8,1,2
BRF:18
BRH:17
end_of_record
TN:
SF:routes/_testCommon.js
FN:8,commonBeforeAll
FN:65,commonBeforeEach
FN:69,commonAfterEach
FN:73,commonAfterAll
FNF:4
FNH:4
FNDA:3,commonBeforeAll
FNDA:43,commonBeforeEach
FNDA:43,commonAfterEach
FNDA:3,commonAfterAll
DA:3,3
DA:4,3
DA:5,3
DA:6,3
DA:10,3
DA:12,3
DA:14,3
DA:22,3
DA:30,3
DA:39,3
DA:47,3
DA:55,3
DA:66,43
DA:70,43
DA:74,3
DA:78,3
DA:79,3
DA:81,3
LF:18
LH:18
BRF:0
BRH:0
end_of_record
TN:
SF:routes/auth.js
FN:22,(anonymous_0)
FN:26,(anonymous_1)
FN:49,(anonymous_2)
FN:53,(anonymous_3)
FNF:4
FNH:4
FNDA:5,(anonymous_0)
FNDA:2,(anonymous_1)
FNDA:3,(anonymous_2)
FNDA:5,(anonymous_3)
DA:5,4
DA:7,4
DA:8,4
DA:9,4
DA:10,4
DA:11,4
DA:12,4
DA:13,4
DA:22,4
DA:23,5
DA:24,5
DA:25,5
DA:26,2
DA:27,2
DA:30,3
DA:31,3
DA:32,1
DA:33,1
DA:35,4
DA:49,4
DA:50,3
DA:51,3
DA:52,3
DA:53,5
DA:54,2
DA:57,1
DA:58,1
DA:59,1
DA:61,2
DA:66,4
LF:30
LH:30
BRDA:25,0,0,2
BRDA:25,0,1,3
BRDA:52,1,0,2
BRDA:52,1,1,1
BRF:4
BRH:4
end_of_record
TN:
SF:routes/companies.js
FN:27,(anonymous_0)
FN:31,(anonymous_1)
FN:53,(anonymous_2)
FN:71,(anonymous_3)
FN:93,(anonymous_4)
FN:97,(anonymous_5)
FN:113,(anonymous_6)
FNF:7
FNH:7
FNDA:3,(anonymous_0)
FNDA:3,(anonymous_1)
FNDA:2,(anonymous_2)
FNDA:3,(anonymous_3)
FNDA:4,(anonymous_4)
FNDA:2,(anonymous_5)
FNDA:2,(anonymous_6)
DA:5,4
DA:6,4
DA:8,4
DA:9,4
DA:10,4
DA:11,4
DA:12,4
DA:13,4
DA:15,4
DA:27,4
DA:28,3
DA:29,3
DA:30,3
DA:31,3
DA:32,2
DA:35,1
DA:36,1
DA:38,2
DA:53,4
DA:54,2
DA:55,2
DA:56,2
DA:57,1
DA:59,1
DA:71,4
DA:72,3
DA:73,3
DA:74,2
DA:75,2
DA:76,2
DA:78,1
DA:93,4
DA:94,4
DA:95,4
DA:96,4
DA:97,2
DA:98,2
DA:101,2
DA:102,1
DA:104,3
DA:113,4
DA:114,2
DA:115,2
DA:116,2
DA:117,1
DA:119,1
DA:124,4
LF:47
LH:47
BRDA:30,0,0,2
BRDA:30,0,1,1
BRDA:96,1,0,2
BRDA:96,1,1,2
BRF:4
BRH:4
end_of_record
TN:
SF:routes/jobs.js
FN:26,(anonymous_0)
FN:30,(anonymous_1)
FN:52,(anonymous_2)
FN:70,(anonymous_3)
FN:90,(anonymous_4)
FN:94,(anonymous_5)
FN:110,(anonymous_6)
FNF:7
FNH:0
FNDA:0,(anonymous_0)
FNDA:0,(anonymous_1)
FNDA:0,(anonymous_2)
FNDA:0,(anonymous_3)
FNDA:0,(anonymous_4)
FNDA:0,(anonymous_5)
FNDA:0,(anonymous_6)
DA:5,4
DA:6,4
DA:8,4
DA:9,4
DA:10,4
DA:12,4
DA:13,4
DA:14,4
DA:26,4
DA:27,0
DA:28,0
DA:29,0
DA:30,0
DA:31,0
DA:34,0
DA:35,0
DA:37,0
DA:52,4
DA:53,0
DA:54,0
DA:55,0
DA:56,0
DA:58,0
DA:70,4
DA:71,0
DA:72,0
DA:73,0
DA:75,0
DA:90,4
DA:91,0
DA:92,0
DA:93,0
DA:94,0
DA:95,0
DA:98,0
DA:99,0
DA:101,0
DA:110,4
DA:111,0
DA:112,0
DA:113,0
DA:114,0
DA:116,0
DA:121,4
LF:44
LH:14
BRDA:29,0,0,0
BRDA:29,0,1,0
BRDA:93,1,0,0
BRDA:93,1,1,0
BRF:4
BRH:0
end_of_record
TN:
SF:routes/users.js
FN:30,(anonymous_0)
FN:34,(anonymous_1)
FN:54,(anonymous_2)
FN:71,(anonymous_3)
FN:91,(anonymous_4)
FN:95,(anonymous_5)
FN:107,(anonymous_6)
FN:124,(anonymous_7)
FNF:8
FNH:7
FNDA:4,(anonymous_0)
FNDA:5,(anonymous_1)
FNDA:2,(anonymous_2)
FNDA:2,(anonymous_3)
FNDA:3,(anonymous_4)
FNDA:1,(anonymous_5)
FNDA:0,(anonymous_6)
FNDA:1,(anonymous_7)
DA:5,4
DA:7,4
DA:8,4
DA:9,4
DA:10,4
DA:11,4
DA:12,4
DA:13,4
DA:15,4
DA:30,4
DA:31,4
DA:32,4
DA:33,4
DA:34,5
DA:35,2
DA:38,2
DA:39,2
DA:40,2
DA:42,2
DA:54,4
DA:55,2
DA:56,2
DA:57,1
DA:59,1
DA:71,4
DA:72,2
DA:73,2
DA:74,1
DA:76,1
DA:91,4
DA:92,3
DA:93,3
DA:94,3
DA:95,1
DA:96,1
DA:99,2
DA:100,2
DA:102,1
DA:107,4
DA:108,0
DA:109,0
DA:110,0
DA:112,0
DA:113,0
DA:115,0
DA:124,4
DA:125,1
DA:126,1
DA:127,1
DA:129,0
DA:134,4
LF:51
LH:44
BRDA:33,0,0,2
BRDA:33,0,1,2
BRDA:94,1,0,1
BRDA:94,1,1,2
BRDA:109,2,0,0
BRDA:109,2,1,0
BRDA:109,3,0,0
BRDA:109,3,1,0
BRF:8
BRH:4
end_of_record
